{"C:\\Users\\suwan\\Desktop\\Coding Stuff\\Not Boring Company\\webapp-api-v2\\api\\nfts\\genesisNBMon.js":{"path":"C:\\Users\\suwan\\Desktop\\Coding Stuff\\Not Boring Company\\webapp-api-v2\\api\\nfts\\genesisNBMon.js","statementMap":{"0":{"start":{"line":1,"column":0},"end":{"line":1,"column":27}},"1":{"start":{"line":3,"column":15},"end":{"line":3,"column":32}},"2":{"start":{"line":4,"column":11},"end":{"line":4,"column":24}},"3":{"start":{"line":5,"column":13},"end":{"line":5,"column":28}},"4":{"start":{"line":6,"column":15},"end":{"line":6,"column":32}},"5":{"start":{"line":7,"column":16},"end":{"line":7,"column":42}},"6":{"start":{"line":10,"column":18},"end":{"line":10,"column":61}},"7":{"start":{"line":11,"column":60},"end":{"line":11,"column":116}},"8":{"start":{"line":12,"column":25},"end":{"line":12,"column":68}},"9":{"start":{"line":13,"column":41},"end":{"line":13,"column":93}},"10":{"start":{"line":14,"column":67},"end":{"line":14,"column":99}},"11":{"start":{"line":19,"column":15},"end":{"line":19,"column":38}},"12":{"start":{"line":20,"column":20},"end":{"line":20,"column":64}},"13":{"start":{"line":23,"column":19},"end":{"line":27,"column":1}},"14":{"start":{"line":29,"column":24},"end":{"line":33,"column":1}},"15":{"start":{"line":48,"column":24},"end":{"line":196,"column":1}},"16":{"start":{"line":49,"column":4},"end":{"line":195,"column":5}},"17":{"start":{"line":50,"column":29},"end":{"line":50,"column":60}},"18":{"start":{"line":52,"column":8},"end":{"line":52,"column":83}},"19":{"start":{"line":53,"column":28},"end":{"line":53,"column":63}},"20":{"start":{"line":55,"column":22},"end":{"line":55,"column":69}},"21":{"start":{"line":58,"column":8},"end":{"line":60,"column":9}},"22":{"start":{"line":59,"column":12},"end":{"line":59,"column":82}},"23":{"start":{"line":64,"column":22},"end":{"line":64,"column":38}},"24":{"start":{"line":67,"column":25},"end":{"line":67,"column":59}},"25":{"start":{"line":68,"column":8},"end":{"line":68,"column":60}},"26":{"start":{"line":70,"column":30},"end":{"line":70,"column":74}},"27":{"start":{"line":72,"column":30},"end":{"line":72,"column":54}},"28":{"start":{"line":75,"column":26},"end":{"line":75,"column":28}},"29":{"start":{"line":77,"column":8},"end":{"line":77,"column":48}},"30":{"start":{"line":78,"column":8},"end":{"line":78,"column":44}},"31":{"start":{"line":79,"column":8},"end":{"line":79,"column":46}},"32":{"start":{"line":82,"column":20},"end":{"line":82,"column":35}},"33":{"start":{"line":83,"column":30},"end":{"line":83,"column":111}},"34":{"start":{"line":86,"column":8},"end":{"line":92,"column":9}},"35":{"start":{"line":87,"column":12},"end":{"line":87,"column":42}},"36":{"start":{"line":88,"column":12},"end":{"line":88,"column":60}},"37":{"start":{"line":90,"column":12},"end":{"line":90,"column":65}},"38":{"start":{"line":91,"column":12},"end":{"line":91,"column":45}},"39":{"start":{"line":94,"column":8},"end":{"line":94,"column":60}},"40":{"start":{"line":95,"column":8},"end":{"line":95,"column":68}},"41":{"start":{"line":98,"column":26},"end":{"line":98,"column":102}},"42":{"start":{"line":99,"column":27},"end":{"line":99,"column":103}},"43":{"start":{"line":101,"column":8},"end":{"line":101,"column":53}},"44":{"start":{"line":104,"column":26},"end":{"line":104,"column":77}},"45":{"start":{"line":105,"column":27},"end":{"line":105,"column":79}},"46":{"start":{"line":107,"column":8},"end":{"line":107,"column":65}},"47":{"start":{"line":108,"column":8},"end":{"line":108,"column":61}},"48":{"start":{"line":109,"column":8},"end":{"line":109,"column":62}},"49":{"start":{"line":110,"column":8},"end":{"line":110,"column":64}},"50":{"start":{"line":113,"column":29},"end":{"line":113,"column":105}},"51":{"start":{"line":114,"column":30},"end":{"line":114,"column":106}},"52":{"start":{"line":116,"column":8},"end":{"line":116,"column":62}},"53":{"start":{"line":117,"column":8},"end":{"line":117,"column":107}},"54":{"start":{"line":118,"column":8},"end":{"line":118,"column":107}},"55":{"start":{"line":119,"column":8},"end":{"line":119,"column":108}},"56":{"start":{"line":120,"column":8},"end":{"line":120,"column":106}},"57":{"start":{"line":124,"column":8},"end":{"line":128,"column":9}},"58":{"start":{"line":125,"column":12},"end":{"line":125,"column":49}},"59":{"start":{"line":127,"column":12},"end":{"line":127,"column":59}},"60":{"start":{"line":132,"column":8},"end":{"line":141,"column":9}},"61":{"start":{"line":133,"column":12},"end":{"line":133,"column":50}},"62":{"start":{"line":134,"column":12},"end":{"line":134,"column":45}},"63":{"start":{"line":135,"column":12},"end":{"line":135,"column":41}},"64":{"start":{"line":138,"column":12},"end":{"line":138,"column":122}},"65":{"start":{"line":139,"column":12},"end":{"line":139,"column":114}},"66":{"start":{"line":140,"column":12},"end":{"line":140,"column":107}},"67":{"start":{"line":143,"column":8},"end":{"line":143,"column":112}},"68":{"start":{"line":145,"column":8},"end":{"line":149,"column":9}},"69":{"start":{"line":146,"column":12},"end":{"line":146,"column":96}},"70":{"start":{"line":148,"column":12},"end":{"line":148,"column":51}},"71":{"start":{"line":151,"column":8},"end":{"line":151,"column":118}},"72":{"start":{"line":152,"column":8},"end":{"line":152,"column":118}},"73":{"start":{"line":153,"column":8},"end":{"line":153,"column":118}},"74":{"start":{"line":154,"column":8},"end":{"line":154,"column":119}},"75":{"start":{"line":155,"column":8},"end":{"line":155,"column":117}},"76":{"start":{"line":156,"column":8},"end":{"line":156,"column":117}},"77":{"start":{"line":157,"column":8},"end":{"line":157,"column":117}},"78":{"start":{"line":158,"column":8},"end":{"line":158,"column":103}},"79":{"start":{"line":159,"column":8},"end":{"line":159,"column":92}},"80":{"start":{"line":162,"column":8},"end":{"line":177,"column":9}},"81":{"start":{"line":163,"column":32},"end":{"line":163,"column":91}},"82":{"start":{"line":167,"column":12},"end":{"line":172,"column":13}},"83":{"start":{"line":168,"column":16},"end":{"line":168,"column":46}},"84":{"start":{"line":170,"column":16},"end":{"line":170,"column":89}},"85":{"start":{"line":171,"column":16},"end":{"line":171,"column":78}},"86":{"start":{"line":174,"column":12},"end":{"line":174,"column":54}},"87":{"start":{"line":176,"column":12},"end":{"line":176,"column":44}},"88":{"start":{"line":180,"column":8},"end":{"line":180,"column":113}},"89":{"start":{"line":181,"column":8},"end":{"line":181,"column":98}},"90":{"start":{"line":182,"column":8},"end":{"line":182,"column":107}},"91":{"start":{"line":183,"column":8},"end":{"line":183,"column":110}},"92":{"start":{"line":184,"column":8},"end":{"line":184,"column":116}},"93":{"start":{"line":185,"column":8},"end":{"line":185,"column":128}},"94":{"start":{"line":186,"column":8},"end":{"line":186,"column":116}},"95":{"start":{"line":187,"column":8},"end":{"line":187,"column":119}},"96":{"start":{"line":188,"column":8},"end":{"line":188,"column":116}},"97":{"start":{"line":189,"column":8},"end":{"line":189,"column":122}},"98":{"start":{"line":190,"column":8},"end":{"line":190,"column":116}},"99":{"start":{"line":192,"column":8},"end":{"line":192,"column":25}},"100":{"start":{"line":194,"column":8},"end":{"line":194,"column":18}},"101":{"start":{"line":205,"column":27},"end":{"line":353,"column":1}},"102":{"start":{"line":206,"column":4},"end":{"line":352,"column":5}},"103":{"start":{"line":207,"column":29},"end":{"line":207,"column":60}},"104":{"start":{"line":209,"column":8},"end":{"line":209,"column":83}},"105":{"start":{"line":210,"column":28},"end":{"line":210,"column":63}},"106":{"start":{"line":212,"column":22},"end":{"line":212,"column":69}},"107":{"start":{"line":215,"column":8},"end":{"line":217,"column":9}},"108":{"start":{"line":216,"column":12},"end":{"line":216,"column":82}},"109":{"start":{"line":221,"column":22},"end":{"line":221,"column":38}},"110":{"start":{"line":224,"column":25},"end":{"line":224,"column":59}},"111":{"start":{"line":225,"column":8},"end":{"line":225,"column":60}},"112":{"start":{"line":227,"column":30},"end":{"line":227,"column":74}},"113":{"start":{"line":229,"column":30},"end":{"line":229,"column":54}},"114":{"start":{"line":232,"column":26},"end":{"line":232,"column":28}},"115":{"start":{"line":234,"column":8},"end":{"line":234,"column":48}},"116":{"start":{"line":235,"column":8},"end":{"line":235,"column":44}},"117":{"start":{"line":236,"column":8},"end":{"line":236,"column":46}},"118":{"start":{"line":239,"column":20},"end":{"line":239,"column":35}},"119":{"start":{"line":240,"column":30},"end":{"line":240,"column":111}},"120":{"start":{"line":243,"column":8},"end":{"line":249,"column":9}},"121":{"start":{"line":244,"column":12},"end":{"line":244,"column":40}},"122":{"start":{"line":245,"column":12},"end":{"line":245,"column":60}},"123":{"start":{"line":247,"column":12},"end":{"line":247,"column":65}},"124":{"start":{"line":248,"column":12},"end":{"line":248,"column":45}},"125":{"start":{"line":251,"column":8},"end":{"line":251,"column":60}},"126":{"start":{"line":252,"column":8},"end":{"line":252,"column":68}},"127":{"start":{"line":255,"column":26},"end":{"line":255,"column":100}},"128":{"start":{"line":256,"column":27},"end":{"line":256,"column":101}},"129":{"start":{"line":258,"column":8},"end":{"line":258,"column":53}},"130":{"start":{"line":261,"column":26},"end":{"line":261,"column":77}},"131":{"start":{"line":262,"column":27},"end":{"line":262,"column":79}},"132":{"start":{"line":264,"column":8},"end":{"line":264,"column":65}},"133":{"start":{"line":265,"column":8},"end":{"line":265,"column":61}},"134":{"start":{"line":266,"column":8},"end":{"line":266,"column":62}},"135":{"start":{"line":267,"column":8},"end":{"line":267,"column":64}},"136":{"start":{"line":270,"column":29},"end":{"line":270,"column":103}},"137":{"start":{"line":271,"column":30},"end":{"line":271,"column":104}},"138":{"start":{"line":273,"column":8},"end":{"line":273,"column":62}},"139":{"start":{"line":274,"column":8},"end":{"line":274,"column":105}},"140":{"start":{"line":275,"column":8},"end":{"line":275,"column":105}},"141":{"start":{"line":276,"column":8},"end":{"line":276,"column":106}},"142":{"start":{"line":277,"column":8},"end":{"line":277,"column":104}},"143":{"start":{"line":281,"column":8},"end":{"line":285,"column":9}},"144":{"start":{"line":282,"column":12},"end":{"line":282,"column":47}},"145":{"start":{"line":284,"column":12},"end":{"line":284,"column":59}},"146":{"start":{"line":289,"column":8},"end":{"line":298,"column":9}},"147":{"start":{"line":290,"column":12},"end":{"line":290,"column":50}},"148":{"start":{"line":291,"column":12},"end":{"line":291,"column":43}},"149":{"start":{"line":292,"column":12},"end":{"line":292,"column":39}},"150":{"start":{"line":295,"column":12},"end":{"line":295,"column":122}},"151":{"start":{"line":296,"column":12},"end":{"line":296,"column":112}},"152":{"start":{"line":297,"column":12},"end":{"line":297,"column":105}},"153":{"start":{"line":300,"column":8},"end":{"line":300,"column":110}},"154":{"start":{"line":302,"column":8},"end":{"line":306,"column":9}},"155":{"start":{"line":303,"column":12},"end":{"line":303,"column":96}},"156":{"start":{"line":305,"column":12},"end":{"line":305,"column":49}},"157":{"start":{"line":308,"column":8},"end":{"line":308,"column":116}},"158":{"start":{"line":309,"column":8},"end":{"line":309,"column":116}},"159":{"start":{"line":310,"column":8},"end":{"line":310,"column":116}},"160":{"start":{"line":311,"column":8},"end":{"line":311,"column":117}},"161":{"start":{"line":312,"column":8},"end":{"line":312,"column":115}},"162":{"start":{"line":313,"column":8},"end":{"line":313,"column":115}},"163":{"start":{"line":314,"column":8},"end":{"line":314,"column":115}},"164":{"start":{"line":315,"column":8},"end":{"line":315,"column":103}},"165":{"start":{"line":316,"column":8},"end":{"line":316,"column":92}},"166":{"start":{"line":319,"column":8},"end":{"line":334,"column":9}},"167":{"start":{"line":320,"column":32},"end":{"line":320,"column":91}},"168":{"start":{"line":324,"column":12},"end":{"line":329,"column":13}},"169":{"start":{"line":325,"column":16},"end":{"line":325,"column":46}},"170":{"start":{"line":327,"column":16},"end":{"line":327,"column":89}},"171":{"start":{"line":328,"column":16},"end":{"line":328,"column":78}},"172":{"start":{"line":331,"column":12},"end":{"line":331,"column":54}},"173":{"start":{"line":333,"column":12},"end":{"line":333,"column":42}},"174":{"start":{"line":337,"column":8},"end":{"line":337,"column":111}},"175":{"start":{"line":338,"column":8},"end":{"line":338,"column":96}},"176":{"start":{"line":339,"column":8},"end":{"line":339,"column":105}},"177":{"start":{"line":340,"column":8},"end":{"line":340,"column":108}},"178":{"start":{"line":341,"column":8},"end":{"line":341,"column":114}},"179":{"start":{"line":342,"column":8},"end":{"line":342,"column":126}},"180":{"start":{"line":343,"column":8},"end":{"line":343,"column":114}},"181":{"start":{"line":344,"column":8},"end":{"line":344,"column":117}},"182":{"start":{"line":345,"column":8},"end":{"line":345,"column":114}},"183":{"start":{"line":346,"column":8},"end":{"line":346,"column":120}},"184":{"start":{"line":347,"column":8},"end":{"line":347,"column":114}},"185":{"start":{"line":349,"column":8},"end":{"line":349,"column":25}},"186":{"start":{"line":351,"column":8},"end":{"line":351,"column":18}},"187":{"start":{"line":355,"column":18},"end":{"line":355,"column":47}},"188":{"start":{"line":356,"column":14},"end":{"line":356,"column":39}},"189":{"start":{"line":357,"column":18},"end":{"line":357,"column":47}},"190":{"start":{"line":366,"column":37},"end":{"line":446,"column":1}},"191":{"start":{"line":367,"column":4},"end":{"line":445,"column":5}},"192":{"start":{"line":368,"column":26},"end":{"line":368,"column":55}},"193":{"start":{"line":369,"column":22},"end":{"line":369,"column":47}},"194":{"start":{"line":370,"column":26},"end":{"line":370,"column":55}},"195":{"start":{"line":371,"column":8},"end":{"line":375,"column":11}},"196":{"start":{"line":377,"column":27},"end":{"line":377,"column":58}},"197":{"start":{"line":378,"column":8},"end":{"line":378,"column":81}},"198":{"start":{"line":379,"column":8},"end":{"line":379,"column":45}},"199":{"start":{"line":381,"column":23},"end":{"line":381,"column":68}},"200":{"start":{"line":383,"column":8},"end":{"line":385,"column":9}},"201":{"start":{"line":384,"column":12},"end":{"line":384,"column":94}},"202":{"start":{"line":387,"column":29},"end":{"line":387,"column":46}},"203":{"start":{"line":391,"column":28},"end":{"line":391,"column":66}},"204":{"start":{"line":393,"column":8},"end":{"line":438,"column":9}},"205":{"start":{"line":395,"column":12},"end":{"line":435,"column":13}},"206":{"start":{"line":396,"column":16},"end":{"line":396,"column":23}},"207":{"start":{"line":401,"column":16},"end":{"line":434,"column":19}},"208":{"start":{"line":402,"column":34},"end":{"line":402,"column":89}},"209":{"start":{"line":402,"column":68},"end":{"line":402,"column":88}},"210":{"start":{"line":403,"column":20},"end":{"line":433,"column":21}},"211":{"start":{"line":405,"column":41},"end":{"line":405,"column":73}},"212":{"start":{"line":408,"column":43},"end":{"line":408,"column":78}},"213":{"start":{"line":409,"column":43},"end":{"line":409,"column":59}},"214":{"start":{"line":412,"column":43},"end":{"line":412,"column":73}},"215":{"start":{"line":414,"column":24},"end":{"line":414,"column":93}},"216":{"start":{"line":415,"column":24},"end":{"line":416,"column":57}},"217":{"start":{"line":417,"column":24},"end":{"line":417,"column":54}},"218":{"start":{"line":418,"column":24},"end":{"line":418,"column":82}},"219":{"start":{"line":419,"column":24},"end":{"line":419,"column":65}},"220":{"start":{"line":420,"column":24},"end":{"line":420,"column":78}},"221":{"start":{"line":421,"column":24},"end":{"line":421,"column":90}},"222":{"start":{"line":422,"column":24},"end":{"line":422,"column":76}},"223":{"start":{"line":425,"column":54},"end":{"line":425,"column":56}},"224":{"start":{"line":427,"column":24},"end":{"line":429,"column":27}},"225":{"start":{"line":428,"column":28},"end":{"line":428,"column":70}},"226":{"start":{"line":430,"column":24},"end":{"line":430,"column":81}},"227":{"start":{"line":432,"column":24},"end":{"line":432,"column":76}},"228":{"start":{"line":437,"column":12},"end":{"line":437,"column":79}},"229":{"start":{"line":440,"column":8},"end":{"line":442,"column":10}},"230":{"start":{"line":444,"column":8},"end":{"line":444,"column":18}},"231":{"start":{"line":461,"column":24},"end":{"line":485,"column":1}},"232":{"start":{"line":462,"column":4},"end":{"line":484,"column":5}},"233":{"start":{"line":464,"column":27},"end":{"line":464,"column":58}},"234":{"start":{"line":466,"column":8},"end":{"line":466,"column":81}},"235":{"start":{"line":467,"column":8},"end":{"line":467,"column":47}},"236":{"start":{"line":469,"column":23},"end":{"line":469,"column":69}},"237":{"start":{"line":471,"column":8},"end":{"line":473,"column":9}},"238":{"start":{"line":472,"column":12},"end":{"line":472,"column":70}},"239":{"start":{"line":476,"column":8},"end":{"line":476,"column":39}},"240":{"start":{"line":477,"column":8},"end":{"line":477,"column":56}},"241":{"start":{"line":479,"column":8},"end":{"line":481,"column":10}},"242":{"start":{"line":483,"column":8},"end":{"line":483,"column":18}},"243":{"start":{"line":492,"column":29},"end":{"line":516,"column":1}},"244":{"start":{"line":493,"column":4},"end":{"line":515,"column":5}},"245":{"start":{"line":494,"column":8},"end":{"line":498,"column":11}},"246":{"start":{"line":500,"column":27},"end":{"line":500,"column":58}},"247":{"start":{"line":502,"column":8},"end":{"line":502,"column":81}},"248":{"start":{"line":503,"column":8},"end":{"line":503,"column":42}},"249":{"start":{"line":505,"column":29},"end":{"line":505,"column":75}},"250":{"start":{"line":507,"column":8},"end":{"line":509,"column":9}},"251":{"start":{"line":508,"column":12},"end":{"line":508,"column":82}},"252":{"start":{"line":511,"column":22},"end":{"line":511,"column":56}},"253":{"start":{"line":512,"column":8},"end":{"line":512,"column":21}},"254":{"start":{"line":514,"column":8},"end":{"line":514,"column":18}},"255":{"start":{"line":523,"column":30},"end":{"line":538,"column":1}},"256":{"start":{"line":524,"column":4},"end":{"line":537,"column":5}},"257":{"start":{"line":525,"column":25},"end":{"line":525,"column":63}},"258":{"start":{"line":527,"column":23},"end":{"line":527,"column":25}},"259":{"start":{"line":529,"column":8},"end":{"line":532,"column":11}},"260":{"start":{"line":530,"column":26},"end":{"line":530,"column":51}},"261":{"start":{"line":531,"column":12},"end":{"line":531,"column":31}},"262":{"start":{"line":534,"column":8},"end":{"line":534,"column":22}},"263":{"start":{"line":536,"column":8},"end":{"line":536,"column":18}},"264":{"start":{"line":545,"column":33},"end":{"line":560,"column":1}},"265":{"start":{"line":546,"column":4},"end":{"line":559,"column":5}},"266":{"start":{"line":547,"column":25},"end":{"line":547,"column":63}},"267":{"start":{"line":549,"column":23},"end":{"line":549,"column":25}},"268":{"start":{"line":551,"column":8},"end":{"line":554,"column":11}},"269":{"start":{"line":552,"column":26},"end":{"line":552,"column":54}},"270":{"start":{"line":553,"column":12},"end":{"line":553,"column":31}},"271":{"start":{"line":556,"column":8},"end":{"line":556,"column":22}},"272":{"start":{"line":558,"column":8},"end":{"line":558,"column":18}},"273":{"start":{"line":567,"column":32},"end":{"line":582,"column":1}},"274":{"start":{"line":568,"column":4},"end":{"line":581,"column":5}},"275":{"start":{"line":569,"column":25},"end":{"line":569,"column":70}},"276":{"start":{"line":571,"column":20},"end":{"line":571,"column":22}},"277":{"start":{"line":573,"column":8},"end":{"line":576,"column":11}},"278":{"start":{"line":574,"column":32},"end":{"line":574,"column":52}},"279":{"start":{"line":575,"column":12},"end":{"line":575,"column":34}},"280":{"start":{"line":578,"column":8},"end":{"line":578,"column":19}},"281":{"start":{"line":580,"column":8},"end":{"line":580,"column":18}},"282":{"start":{"line":588,"column":22},"end":{"line":624,"column":1}},"283":{"start":{"line":589,"column":4},"end":{"line":623,"column":5}},"284":{"start":{"line":591,"column":28},"end":{"line":591,"column":61}},"285":{"start":{"line":593,"column":23},"end":{"line":593,"column":76}},"286":{"start":{"line":594,"column":20},"end":{"line":594,"column":35}},"287":{"start":{"line":596,"column":27},"end":{"line":596,"column":70}},"288":{"start":{"line":598,"column":30},"end":{"line":598,"column":76}},"289":{"start":{"line":600,"column":30},"end":{"line":600,"column":72}},"290":{"start":{"line":603,"column":32},"end":{"line":603,"column":75}},"291":{"start":{"line":605,"column":29},"end":{"line":605,"column":69}},"292":{"start":{"line":607,"column":31},"end":{"line":607,"column":50}},"293":{"start":{"line":609,"column":27},"end":{"line":617,"column":9}},"294":{"start":{"line":618,"column":25},"end":{"line":618,"column":48}},"295":{"start":{"line":620,"column":8},"end":{"line":620,"column":40}},"296":{"start":{"line":622,"column":8},"end":{"line":622,"column":18}},"297":{"start":{"line":632,"column":15},"end":{"line":703,"column":1}},"298":{"start":{"line":633,"column":4},"end":{"line":702,"column":5}},"299":{"start":{"line":635,"column":31},"end":{"line":635,"column":52}},"300":{"start":{"line":637,"column":30},"end":{"line":637,"column":77}},"301":{"start":{"line":639,"column":29},"end":{"line":639,"column":77}},"302":{"start":{"line":643,"column":30},"end":{"line":643,"column":62}},"303":{"start":{"line":646,"column":8},"end":{"line":656,"column":9}},"304":{"start":{"line":647,"column":27},"end":{"line":653,"column":13}},"305":{"start":{"line":655,"column":12},"end":{"line":655,"column":49}},"306":{"start":{"line":659,"column":40},"end":{"line":659,"column":63}},"307":{"start":{"line":660,"column":66},"end":{"line":660,"column":91}},"308":{"start":{"line":662,"column":30},"end":{"line":662,"column":77}},"309":{"start":{"line":664,"column":36},"end":{"line":664,"column":84}},"310":{"start":{"line":666,"column":22},"end":{"line":666,"column":27}},"311":{"start":{"line":669,"column":8},"end":{"line":687,"column":9}},"312":{"start":{"line":670,"column":12},"end":{"line":670,"column":28}},"313":{"start":{"line":673,"column":12},"end":{"line":686,"column":13}},"314":{"start":{"line":675,"column":16},"end":{"line":685,"column":17}},"315":{"start":{"line":677,"column":20},"end":{"line":677,"column":109}},"316":{"start":{"line":680,"column":20},"end":{"line":684,"column":21}},"317":{"start":{"line":681,"column":24},"end":{"line":681,"column":39}},"318":{"start":{"line":683,"column":24},"end":{"line":683,"column":40}},"319":{"start":{"line":690,"column":23},"end":{"line":697,"column":9}},"320":{"start":{"line":699,"column":8},"end":{"line":699,"column":45}},"321":{"start":{"line":701,"column":8},"end":{"line":701,"column":18}},"322":{"start":{"line":714,"column":27},"end":{"line":730,"column":1}},"323":{"start":{"line":716,"column":4},"end":{"line":716,"column":39}},"324":{"start":{"line":716,"column":26},"end":{"line":716,"column":39}},"325":{"start":{"line":719,"column":4},"end":{"line":719,"column":57}},"326":{"start":{"line":719,"column":45},"end":{"line":719,"column":57}},"327":{"start":{"line":723,"column":4},"end":{"line":723,"column":58}},"328":{"start":{"line":723,"column":45},"end":{"line":723,"column":58}},"329":{"start":{"line":726,"column":4},"end":{"line":726,"column":52}},"330":{"start":{"line":726,"column":40},"end":{"line":726,"column":52}},"331":{"start":{"line":729,"column":4},"end":{"line":729,"column":17}},"332":{"start":{"line":732,"column":0},"end":{"line":743,"column":2}}},"fnMap":{"0":{"name":"(anonymous_0)","decl":{"start":{"line":48,"column":24},"end":{"line":48,"column":25}},"loc":{"start":{"line":48,"column":38},"end":{"line":196,"column":1}},"line":48},"1":{"name":"(anonymous_1)","decl":{"start":{"line":205,"column":27},"end":{"line":205,"column":28}},"loc":{"start":{"line":205,"column":41},"end":{"line":353,"column":1}},"line":205},"2":{"name":"(anonymous_2)","decl":{"start":{"line":366,"column":37},"end":{"line":366,"column":38}},"loc":{"start":{"line":366,"column":56},"end":{"line":446,"column":1}},"line":366},"3":{"name":"(anonymous_3)","decl":{"start":{"line":401,"column":36},"end":{"line":401,"column":37}},"loc":{"start":{"line":401,"column":50},"end":{"line":434,"column":17}},"line":401},"4":{"name":"(anonymous_4)","decl":{"start":{"line":402,"column":57},"end":{"line":402,"column":58}},"loc":{"start":{"line":402,"column":68},"end":{"line":402,"column":88}},"line":402},"5":{"name":"(anonymous_5)","decl":{"start":{"line":427,"column":57},"end":{"line":427,"column":58}},"loc":{"start":{"line":427,"column":66},"end":{"line":429,"column":25}},"line":427},"6":{"name":"(anonymous_6)","decl":{"start":{"line":461,"column":24},"end":{"line":461,"column":25}},"loc":{"start":{"line":461,"column":54},"end":{"line":485,"column":1}},"line":461},"7":{"name":"(anonymous_7)","decl":{"start":{"line":492,"column":29},"end":{"line":492,"column":30}},"loc":{"start":{"line":492,"column":43},"end":{"line":516,"column":1}},"line":492},"8":{"name":"(anonymous_8)","decl":{"start":{"line":523,"column":30},"end":{"line":523,"column":31}},"loc":{"start":{"line":523,"column":49},"end":{"line":538,"column":1}},"line":523},"9":{"name":"(anonymous_9)","decl":{"start":{"line":529,"column":25},"end":{"line":529,"column":26}},"loc":{"start":{"line":529,"column":39},"end":{"line":532,"column":9}},"line":529},"10":{"name":"(anonymous_10)","decl":{"start":{"line":545,"column":33},"end":{"line":545,"column":34}},"loc":{"start":{"line":545,"column":52},"end":{"line":560,"column":1}},"line":545},"11":{"name":"(anonymous_11)","decl":{"start":{"line":551,"column":25},"end":{"line":551,"column":26}},"loc":{"start":{"line":551,"column":39},"end":{"line":554,"column":9}},"line":551},"12":{"name":"(anonymous_12)","decl":{"start":{"line":567,"column":32},"end":{"line":567,"column":33}},"loc":{"start":{"line":567,"column":51},"end":{"line":582,"column":1}},"line":567},"13":{"name":"(anonymous_13)","decl":{"start":{"line":573,"column":25},"end":{"line":573,"column":26}},"loc":{"start":{"line":573,"column":33},"end":{"line":576,"column":9}},"line":573},"14":{"name":"(anonymous_14)","decl":{"start":{"line":588,"column":22},"end":{"line":588,"column":23}},"loc":{"start":{"line":588,"column":34},"end":{"line":624,"column":1}},"line":588},"15":{"name":"(anonymous_15)","decl":{"start":{"line":632,"column":15},"end":{"line":632,"column":16}},"loc":{"start":{"line":632,"column":34},"end":{"line":703,"column":1}},"line":632},"16":{"name":"(anonymous_16)","decl":{"start":{"line":714,"column":27},"end":{"line":714,"column":28}},"loc":{"start":{"line":714,"column":91},"end":{"line":730,"column":1}},"line":714}},"branchMap":{"0":{"loc":{"start":{"line":58,"column":8},"end":{"line":60,"column":9}},"type":"if","locations":[{"start":{"line":58,"column":8},"end":{"line":60,"column":9}},{"start":{"line":58,"column":8},"end":{"line":60,"column":9}}],"line":58},"1":{"loc":{"start":{"line":58,"column":12},"end":{"line":58,"column":87}},"type":"binary-expr","locations":[{"start":{"line":58,"column":12},"end":{"line":58,"column":31}},{"start":{"line":58,"column":35},"end":{"line":58,"column":49}},{"start":{"line":58,"column":53},"end":{"line":58,"column":65}},{"start":{"line":58,"column":69},"end":{"line":58,"column":87}}],"line":58},"2":{"loc":{"start":{"line":86,"column":8},"end":{"line":92,"column":9}},"type":"if","locations":[{"start":{"line":86,"column":8},"end":{"line":92,"column":9}},{"start":{"line":86,"column":8},"end":{"line":92,"column":9}}],"line":86},"3":{"loc":{"start":{"line":98,"column":26},"end":{"line":98,"column":102}},"type":"cond-expr","locations":[{"start":{"line":98,"column":69},"end":{"line":98,"column":73}},{"start":{"line":98,"column":76},"end":{"line":98,"column":102}}],"line":98},"4":{"loc":{"start":{"line":99,"column":27},"end":{"line":99,"column":103}},"type":"cond-expr","locations":[{"start":{"line":99,"column":70},"end":{"line":99,"column":74}},{"start":{"line":99,"column":77},"end":{"line":99,"column":103}}],"line":99},"5":{"loc":{"start":{"line":113,"column":29},"end":{"line":113,"column":105}},"type":"cond-expr","locations":[{"start":{"line":113,"column":72},"end":{"line":113,"column":76}},{"start":{"line":113,"column":79},"end":{"line":113,"column":105}}],"line":113},"6":{"loc":{"start":{"line":114,"column":30},"end":{"line":114,"column":106}},"type":"cond-expr","locations":[{"start":{"line":114,"column":73},"end":{"line":114,"column":77}},{"start":{"line":114,"column":80},"end":{"line":114,"column":106}}],"line":114},"7":{"loc":{"start":{"line":117,"column":30},"end":{"line":117,"column":106}},"type":"cond-expr","locations":[{"start":{"line":117,"column":73},"end":{"line":117,"column":77}},{"start":{"line":117,"column":80},"end":{"line":117,"column":106}}],"line":117},"8":{"loc":{"start":{"line":118,"column":30},"end":{"line":118,"column":106}},"type":"cond-expr","locations":[{"start":{"line":118,"column":73},"end":{"line":118,"column":77}},{"start":{"line":118,"column":80},"end":{"line":118,"column":106}}],"line":118},"9":{"loc":{"start":{"line":119,"column":31},"end":{"line":119,"column":107}},"type":"cond-expr","locations":[{"start":{"line":119,"column":74},"end":{"line":119,"column":78}},{"start":{"line":119,"column":81},"end":{"line":119,"column":107}}],"line":119},"10":{"loc":{"start":{"line":120,"column":29},"end":{"line":120,"column":105}},"type":"cond-expr","locations":[{"start":{"line":120,"column":72},"end":{"line":120,"column":76}},{"start":{"line":120,"column":79},"end":{"line":120,"column":105}}],"line":120},"11":{"loc":{"start":{"line":124,"column":8},"end":{"line":128,"column":9}},"type":"if","locations":[{"start":{"line":124,"column":8},"end":{"line":128,"column":9}},{"start":{"line":124,"column":8},"end":{"line":128,"column":9}}],"line":124},"12":{"loc":{"start":{"line":124,"column":12},"end":{"line":124,"column":45}},"type":"binary-expr","locations":[{"start":{"line":124,"column":12},"end":{"line":124,"column":39}},{"start":{"line":124,"column":43},"end":{"line":124,"column":45}}],"line":124},"13":{"loc":{"start":{"line":132,"column":8},"end":{"line":141,"column":9}},"type":"if","locations":[{"start":{"line":132,"column":8},"end":{"line":141,"column":9}},{"start":{"line":132,"column":8},"end":{"line":141,"column":9}}],"line":132},"14":{"loc":{"start":{"line":138,"column":36},"end":{"line":138,"column":121}},"type":"cond-expr","locations":[{"start":{"line":138,"column":83},"end":{"line":138,"column":109}},{"start":{"line":138,"column":112},"end":{"line":138,"column":121}}],"line":138},"15":{"loc":{"start":{"line":139,"column":12},"end":{"line":139,"column":113}},"type":"cond-expr","locations":[{"start":{"line":139,"column":80},"end":{"line":139,"column":106}},{"start":{"line":139,"column":109},"end":{"line":139,"column":113}}],"line":139},"16":{"loc":{"start":{"line":140,"column":36},"end":{"line":140,"column":106}},"type":"cond-expr","locations":[{"start":{"line":140,"column":76},"end":{"line":140,"column":80}},{"start":{"line":140,"column":83},"end":{"line":140,"column":106}}],"line":140},"17":{"loc":{"start":{"line":143,"column":33},"end":{"line":143,"column":111}},"type":"cond-expr","locations":[{"start":{"line":143,"column":77},"end":{"line":143,"column":81}},{"start":{"line":143,"column":84},"end":{"line":143,"column":111}}],"line":143},"18":{"loc":{"start":{"line":145,"column":8},"end":{"line":149,"column":9}},"type":"if","locations":[{"start":{"line":145,"column":8},"end":{"line":149,"column":9}},{"start":{"line":145,"column":8},"end":{"line":149,"column":9}}],"line":145},"19":{"loc":{"start":{"line":151,"column":39},"end":{"line":151,"column":117}},"type":"cond-expr","locations":[{"start":{"line":151,"column":83},"end":{"line":151,"column":87}},{"start":{"line":151,"column":90},"end":{"line":151,"column":117}}],"line":151},"20":{"loc":{"start":{"line":152,"column":39},"end":{"line":152,"column":117}},"type":"cond-expr","locations":[{"start":{"line":152,"column":83},"end":{"line":152,"column":87}},{"start":{"line":152,"column":90},"end":{"line":152,"column":117}}],"line":152},"21":{"loc":{"start":{"line":153,"column":39},"end":{"line":153,"column":117}},"type":"cond-expr","locations":[{"start":{"line":153,"column":83},"end":{"line":153,"column":87}},{"start":{"line":153,"column":90},"end":{"line":153,"column":117}}],"line":153},"22":{"loc":{"start":{"line":154,"column":40},"end":{"line":154,"column":118}},"type":"cond-expr","locations":[{"start":{"line":154,"column":84},"end":{"line":154,"column":88}},{"start":{"line":154,"column":91},"end":{"line":154,"column":118}}],"line":154},"23":{"loc":{"start":{"line":155,"column":38},"end":{"line":155,"column":116}},"type":"cond-expr","locations":[{"start":{"line":155,"column":82},"end":{"line":155,"column":86}},{"start":{"line":155,"column":89},"end":{"line":155,"column":116}}],"line":155},"24":{"loc":{"start":{"line":156,"column":38},"end":{"line":156,"column":116}},"type":"cond-expr","locations":[{"start":{"line":156,"column":82},"end":{"line":156,"column":86}},{"start":{"line":156,"column":89},"end":{"line":156,"column":116}}],"line":156},"25":{"loc":{"start":{"line":157,"column":38},"end":{"line":157,"column":116}},"type":"cond-expr","locations":[{"start":{"line":157,"column":82},"end":{"line":157,"column":86}},{"start":{"line":157,"column":89},"end":{"line":157,"column":116}}],"line":157},"26":{"loc":{"start":{"line":158,"column":29},"end":{"line":158,"column":102}},"type":"cond-expr","locations":[{"start":{"line":158,"column":70},"end":{"line":158,"column":75}},{"start":{"line":158,"column":78},"end":{"line":158,"column":102}}],"line":158},"27":{"loc":{"start":{"line":159,"column":32},"end":{"line":159,"column":91}},"type":"cond-expr","locations":[{"start":{"line":159,"column":66},"end":{"line":159,"column":71}},{"start":{"line":159,"column":74},"end":{"line":159,"column":91}}],"line":159},"28":{"loc":{"start":{"line":162,"column":8},"end":{"line":177,"column":9}},"type":"if","locations":[{"start":{"line":162,"column":8},"end":{"line":177,"column":9}},{"start":{"line":162,"column":8},"end":{"line":177,"column":9}}],"line":162},"29":{"loc":{"start":{"line":167,"column":12},"end":{"line":172,"column":13}},"type":"if","locations":[{"start":{"line":167,"column":12},"end":{"line":172,"column":13}},{"start":{"line":167,"column":12},"end":{"line":172,"column":13}}],"line":167},"30":{"loc":{"start":{"line":180,"column":34},"end":{"line":180,"column":112}},"type":"cond-expr","locations":[{"start":{"line":180,"column":78},"end":{"line":180,"column":82}},{"start":{"line":180,"column":85},"end":{"line":180,"column":112}}],"line":180},"31":{"loc":{"start":{"line":181,"column":29},"end":{"line":181,"column":97}},"type":"cond-expr","locations":[{"start":{"line":181,"column":68},"end":{"line":181,"column":72}},{"start":{"line":181,"column":75},"end":{"line":181,"column":97}}],"line":181},"32":{"loc":{"start":{"line":182,"column":32},"end":{"line":182,"column":106}},"type":"cond-expr","locations":[{"start":{"line":182,"column":74},"end":{"line":182,"column":78}},{"start":{"line":182,"column":81},"end":{"line":182,"column":106}}],"line":182},"33":{"loc":{"start":{"line":183,"column":33},"end":{"line":183,"column":109}},"type":"cond-expr","locations":[{"start":{"line":183,"column":76},"end":{"line":183,"column":80}},{"start":{"line":183,"column":83},"end":{"line":183,"column":109}}],"line":183},"34":{"loc":{"start":{"line":184,"column":35},"end":{"line":184,"column":115}},"type":"cond-expr","locations":[{"start":{"line":184,"column":80},"end":{"line":184,"column":84}},{"start":{"line":184,"column":87},"end":{"line":184,"column":115}}],"line":184},"35":{"loc":{"start":{"line":185,"column":39},"end":{"line":185,"column":127}},"type":"cond-expr","locations":[{"start":{"line":185,"column":88},"end":{"line":185,"column":92}},{"start":{"line":185,"column":95},"end":{"line":185,"column":127}}],"line":185},"36":{"loc":{"start":{"line":186,"column":35},"end":{"line":186,"column":115}},"type":"cond-expr","locations":[{"start":{"line":186,"column":80},"end":{"line":186,"column":84}},{"start":{"line":186,"column":87},"end":{"line":186,"column":115}}],"line":186},"37":{"loc":{"start":{"line":187,"column":36},"end":{"line":187,"column":118}},"type":"cond-expr","locations":[{"start":{"line":187,"column":82},"end":{"line":187,"column":86}},{"start":{"line":187,"column":89},"end":{"line":187,"column":118}}],"line":187},"38":{"loc":{"start":{"line":188,"column":35},"end":{"line":188,"column":115}},"type":"cond-expr","locations":[{"start":{"line":188,"column":80},"end":{"line":188,"column":84}},{"start":{"line":188,"column":87},"end":{"line":188,"column":115}}],"line":188},"39":{"loc":{"start":{"line":189,"column":37},"end":{"line":189,"column":121}},"type":"cond-expr","locations":[{"start":{"line":189,"column":84},"end":{"line":189,"column":88}},{"start":{"line":189,"column":91},"end":{"line":189,"column":121}}],"line":189},"40":{"loc":{"start":{"line":190,"column":35},"end":{"line":190,"column":115}},"type":"cond-expr","locations":[{"start":{"line":190,"column":80},"end":{"line":190,"column":84}},{"start":{"line":190,"column":87},"end":{"line":190,"column":115}}],"line":190},"41":{"loc":{"start":{"line":215,"column":8},"end":{"line":217,"column":9}},"type":"if","locations":[{"start":{"line":215,"column":8},"end":{"line":217,"column":9}},{"start":{"line":215,"column":8},"end":{"line":217,"column":9}}],"line":215},"42":{"loc":{"start":{"line":215,"column":12},"end":{"line":215,"column":87}},"type":"binary-expr","locations":[{"start":{"line":215,"column":12},"end":{"line":215,"column":31}},{"start":{"line":215,"column":35},"end":{"line":215,"column":49}},{"start":{"line":215,"column":53},"end":{"line":215,"column":65}},{"start":{"line":215,"column":69},"end":{"line":215,"column":87}}],"line":215},"43":{"loc":{"start":{"line":243,"column":8},"end":{"line":249,"column":9}},"type":"if","locations":[{"start":{"line":243,"column":8},"end":{"line":249,"column":9}},{"start":{"line":243,"column":8},"end":{"line":249,"column":9}}],"line":243},"44":{"loc":{"start":{"line":255,"column":26},"end":{"line":255,"column":100}},"type":"cond-expr","locations":[{"start":{"line":255,"column":69},"end":{"line":255,"column":71}},{"start":{"line":255,"column":74},"end":{"line":255,"column":100}}],"line":255},"45":{"loc":{"start":{"line":256,"column":27},"end":{"line":256,"column":101}},"type":"cond-expr","locations":[{"start":{"line":256,"column":70},"end":{"line":256,"column":72}},{"start":{"line":256,"column":75},"end":{"line":256,"column":101}}],"line":256},"46":{"loc":{"start":{"line":270,"column":29},"end":{"line":270,"column":103}},"type":"cond-expr","locations":[{"start":{"line":270,"column":72},"end":{"line":270,"column":74}},{"start":{"line":270,"column":77},"end":{"line":270,"column":103}}],"line":270},"47":{"loc":{"start":{"line":271,"column":30},"end":{"line":271,"column":104}},"type":"cond-expr","locations":[{"start":{"line":271,"column":73},"end":{"line":271,"column":75}},{"start":{"line":271,"column":78},"end":{"line":271,"column":104}}],"line":271},"48":{"loc":{"start":{"line":274,"column":30},"end":{"line":274,"column":104}},"type":"cond-expr","locations":[{"start":{"line":274,"column":73},"end":{"line":274,"column":75}},{"start":{"line":274,"column":78},"end":{"line":274,"column":104}}],"line":274},"49":{"loc":{"start":{"line":275,"column":30},"end":{"line":275,"column":104}},"type":"cond-expr","locations":[{"start":{"line":275,"column":73},"end":{"line":275,"column":75}},{"start":{"line":275,"column":78},"end":{"line":275,"column":104}}],"line":275},"50":{"loc":{"start":{"line":276,"column":31},"end":{"line":276,"column":105}},"type":"cond-expr","locations":[{"start":{"line":276,"column":74},"end":{"line":276,"column":76}},{"start":{"line":276,"column":79},"end":{"line":276,"column":105}}],"line":276},"51":{"loc":{"start":{"line":277,"column":29},"end":{"line":277,"column":103}},"type":"cond-expr","locations":[{"start":{"line":277,"column":72},"end":{"line":277,"column":74}},{"start":{"line":277,"column":77},"end":{"line":277,"column":103}}],"line":277},"52":{"loc":{"start":{"line":281,"column":8},"end":{"line":285,"column":9}},"type":"if","locations":[{"start":{"line":281,"column":8},"end":{"line":285,"column":9}},{"start":{"line":281,"column":8},"end":{"line":285,"column":9}}],"line":281},"53":{"loc":{"start":{"line":281,"column":12},"end":{"line":281,"column":45}},"type":"binary-expr","locations":[{"start":{"line":281,"column":12},"end":{"line":281,"column":39}},{"start":{"line":281,"column":43},"end":{"line":281,"column":45}}],"line":281},"54":{"loc":{"start":{"line":289,"column":8},"end":{"line":298,"column":9}},"type":"if","locations":[{"start":{"line":289,"column":8},"end":{"line":298,"column":9}},{"start":{"line":289,"column":8},"end":{"line":298,"column":9}}],"line":289},"55":{"loc":{"start":{"line":295,"column":36},"end":{"line":295,"column":121}},"type":"cond-expr","locations":[{"start":{"line":295,"column":83},"end":{"line":295,"column":109}},{"start":{"line":295,"column":112},"end":{"line":295,"column":121}}],"line":295},"56":{"loc":{"start":{"line":296,"column":12},"end":{"line":296,"column":111}},"type":"cond-expr","locations":[{"start":{"line":296,"column":80},"end":{"line":296,"column":106}},{"start":{"line":296,"column":109},"end":{"line":296,"column":111}}],"line":296},"57":{"loc":{"start":{"line":297,"column":36},"end":{"line":297,"column":104}},"type":"cond-expr","locations":[{"start":{"line":297,"column":76},"end":{"line":297,"column":78}},{"start":{"line":297,"column":81},"end":{"line":297,"column":104}}],"line":297},"58":{"loc":{"start":{"line":300,"column":33},"end":{"line":300,"column":109}},"type":"cond-expr","locations":[{"start":{"line":300,"column":77},"end":{"line":300,"column":79}},{"start":{"line":300,"column":82},"end":{"line":300,"column":109}}],"line":300},"59":{"loc":{"start":{"line":302,"column":8},"end":{"line":306,"column":9}},"type":"if","locations":[{"start":{"line":302,"column":8},"end":{"line":306,"column":9}},{"start":{"line":302,"column":8},"end":{"line":306,"column":9}}],"line":302},"60":{"loc":{"start":{"line":308,"column":39},"end":{"line":308,"column":115}},"type":"cond-expr","locations":[{"start":{"line":308,"column":83},"end":{"line":308,"column":85}},{"start":{"line":308,"column":88},"end":{"line":308,"column":115}}],"line":308},"61":{"loc":{"start":{"line":309,"column":39},"end":{"line":309,"column":115}},"type":"cond-expr","locations":[{"start":{"line":309,"column":83},"end":{"line":309,"column":85}},{"start":{"line":309,"column":88},"end":{"line":309,"column":115}}],"line":309},"62":{"loc":{"start":{"line":310,"column":39},"end":{"line":310,"column":115}},"type":"cond-expr","locations":[{"start":{"line":310,"column":83},"end":{"line":310,"column":85}},{"start":{"line":310,"column":88},"end":{"line":310,"column":115}}],"line":310},"63":{"loc":{"start":{"line":311,"column":40},"end":{"line":311,"column":116}},"type":"cond-expr","locations":[{"start":{"line":311,"column":84},"end":{"line":311,"column":86}},{"start":{"line":311,"column":89},"end":{"line":311,"column":116}}],"line":311},"64":{"loc":{"start":{"line":312,"column":38},"end":{"line":312,"column":114}},"type":"cond-expr","locations":[{"start":{"line":312,"column":82},"end":{"line":312,"column":84}},{"start":{"line":312,"column":87},"end":{"line":312,"column":114}}],"line":312},"65":{"loc":{"start":{"line":313,"column":38},"end":{"line":313,"column":114}},"type":"cond-expr","locations":[{"start":{"line":313,"column":82},"end":{"line":313,"column":84}},{"start":{"line":313,"column":87},"end":{"line":313,"column":114}}],"line":313},"66":{"loc":{"start":{"line":314,"column":38},"end":{"line":314,"column":114}},"type":"cond-expr","locations":[{"start":{"line":314,"column":82},"end":{"line":314,"column":84}},{"start":{"line":314,"column":87},"end":{"line":314,"column":114}}],"line":314},"67":{"loc":{"start":{"line":315,"column":29},"end":{"line":315,"column":102}},"type":"cond-expr","locations":[{"start":{"line":315,"column":70},"end":{"line":315,"column":75}},{"start":{"line":315,"column":78},"end":{"line":315,"column":102}}],"line":315},"68":{"loc":{"start":{"line":316,"column":32},"end":{"line":316,"column":91}},"type":"cond-expr","locations":[{"start":{"line":316,"column":66},"end":{"line":316,"column":71}},{"start":{"line":316,"column":74},"end":{"line":316,"column":91}}],"line":316},"69":{"loc":{"start":{"line":319,"column":8},"end":{"line":334,"column":9}},"type":"if","locations":[{"start":{"line":319,"column":8},"end":{"line":334,"column":9}},{"start":{"line":319,"column":8},"end":{"line":334,"column":9}}],"line":319},"70":{"loc":{"start":{"line":324,"column":12},"end":{"line":329,"column":13}},"type":"if","locations":[{"start":{"line":324,"column":12},"end":{"line":329,"column":13}},{"start":{"line":324,"column":12},"end":{"line":329,"column":13}}],"line":324},"71":{"loc":{"start":{"line":337,"column":34},"end":{"line":337,"column":110}},"type":"cond-expr","locations":[{"start":{"line":337,"column":78},"end":{"line":337,"column":80}},{"start":{"line":337,"column":83},"end":{"line":337,"column":110}}],"line":337},"72":{"loc":{"start":{"line":338,"column":29},"end":{"line":338,"column":95}},"type":"cond-expr","locations":[{"start":{"line":338,"column":68},"end":{"line":338,"column":70}},{"start":{"line":338,"column":73},"end":{"line":338,"column":95}}],"line":338},"73":{"loc":{"start":{"line":339,"column":32},"end":{"line":339,"column":104}},"type":"cond-expr","locations":[{"start":{"line":339,"column":74},"end":{"line":339,"column":76}},{"start":{"line":339,"column":79},"end":{"line":339,"column":104}}],"line":339},"74":{"loc":{"start":{"line":340,"column":33},"end":{"line":340,"column":107}},"type":"cond-expr","locations":[{"start":{"line":340,"column":76},"end":{"line":340,"column":78}},{"start":{"line":340,"column":81},"end":{"line":340,"column":107}}],"line":340},"75":{"loc":{"start":{"line":341,"column":35},"end":{"line":341,"column":113}},"type":"cond-expr","locations":[{"start":{"line":341,"column":80},"end":{"line":341,"column":82}},{"start":{"line":341,"column":85},"end":{"line":341,"column":113}}],"line":341},"76":{"loc":{"start":{"line":342,"column":39},"end":{"line":342,"column":125}},"type":"cond-expr","locations":[{"start":{"line":342,"column":88},"end":{"line":342,"column":90}},{"start":{"line":342,"column":93},"end":{"line":342,"column":125}}],"line":342},"77":{"loc":{"start":{"line":343,"column":35},"end":{"line":343,"column":113}},"type":"cond-expr","locations":[{"start":{"line":343,"column":80},"end":{"line":343,"column":82}},{"start":{"line":343,"column":85},"end":{"line":343,"column":113}}],"line":343},"78":{"loc":{"start":{"line":344,"column":36},"end":{"line":344,"column":116}},"type":"cond-expr","locations":[{"start":{"line":344,"column":82},"end":{"line":344,"column":84}},{"start":{"line":344,"column":87},"end":{"line":344,"column":116}}],"line":344},"79":{"loc":{"start":{"line":345,"column":35},"end":{"line":345,"column":113}},"type":"cond-expr","locations":[{"start":{"line":345,"column":80},"end":{"line":345,"column":82}},{"start":{"line":345,"column":85},"end":{"line":345,"column":113}}],"line":345},"80":{"loc":{"start":{"line":346,"column":37},"end":{"line":346,"column":119}},"type":"cond-expr","locations":[{"start":{"line":346,"column":84},"end":{"line":346,"column":86}},{"start":{"line":346,"column":89},"end":{"line":346,"column":119}}],"line":346},"81":{"loc":{"start":{"line":347,"column":35},"end":{"line":347,"column":113}},"type":"cond-expr","locations":[{"start":{"line":347,"column":80},"end":{"line":347,"column":82}},{"start":{"line":347,"column":85},"end":{"line":347,"column":113}}],"line":347},"82":{"loc":{"start":{"line":383,"column":8},"end":{"line":385,"column":9}},"type":"if","locations":[{"start":{"line":383,"column":8},"end":{"line":385,"column":9}},{"start":{"line":383,"column":8},"end":{"line":385,"column":9}}],"line":383},"83":{"loc":{"start":{"line":383,"column":12},"end":{"line":383,"column":55}},"type":"binary-expr","locations":[{"start":{"line":383,"column":12},"end":{"line":383,"column":32}},{"start":{"line":383,"column":36},"end":{"line":383,"column":55}}],"line":383},"84":{"loc":{"start":{"line":393,"column":8},"end":{"line":438,"column":9}},"type":"if","locations":[{"start":{"line":393,"column":8},"end":{"line":438,"column":9}},{"start":{"line":393,"column":8},"end":{"line":438,"column":9}}],"line":393},"85":{"loc":{"start":{"line":395,"column":12},"end":{"line":435,"column":13}},"type":"if","locations":[{"start":{"line":395,"column":12},"end":{"line":435,"column":13}},{"start":{"line":395,"column":12},"end":{"line":435,"column":13}}],"line":395},"86":{"loc":{"start":{"line":403,"column":20},"end":{"line":433,"column":21}},"type":"if","locations":[{"start":{"line":403,"column":20},"end":{"line":433,"column":21}},{"start":{"line":403,"column":20},"end":{"line":433,"column":21}}],"line":403},"87":{"loc":{"start":{"line":471,"column":8},"end":{"line":473,"column":9}},"type":"if","locations":[{"start":{"line":471,"column":8},"end":{"line":473,"column":9}},{"start":{"line":471,"column":8},"end":{"line":473,"column":9}}],"line":471},"88":{"loc":{"start":{"line":507,"column":8},"end":{"line":509,"column":9}},"type":"if","locations":[{"start":{"line":507,"column":8},"end":{"line":509,"column":9}},{"start":{"line":507,"column":8},"end":{"line":509,"column":9}}],"line":507},"89":{"loc":{"start":{"line":603,"column":32},"end":{"line":603,"column":75}},"type":"binary-expr","locations":[{"start":{"line":603,"column":32},"end":{"line":603,"column":52}},{"start":{"line":603,"column":56},"end":{"line":603,"column":75}}],"line":603},"90":{"loc":{"start":{"line":605,"column":29},"end":{"line":605,"column":69}},"type":"binary-expr","locations":[{"start":{"line":605,"column":29},"end":{"line":605,"column":46}},{"start":{"line":605,"column":50},"end":{"line":605,"column":69}}],"line":605},"91":{"loc":{"start":{"line":643,"column":30},"end":{"line":643,"column":62}},"type":"cond-expr","locations":[{"start":{"line":643,"column":50},"end":{"line":643,"column":54}},{"start":{"line":643,"column":57},"end":{"line":643,"column":62}}],"line":643},"92":{"loc":{"start":{"line":646,"column":8},"end":{"line":656,"column":9}},"type":"if","locations":[{"start":{"line":646,"column":8},"end":{"line":656,"column":9}},{"start":{"line":646,"column":8},"end":{"line":656,"column":9}}],"line":646},"93":{"loc":{"start":{"line":669,"column":8},"end":{"line":687,"column":9}},"type":"if","locations":[{"start":{"line":669,"column":8},"end":{"line":687,"column":9}},{"start":{"line":669,"column":8},"end":{"line":687,"column":9}}],"line":669},"94":{"loc":{"start":{"line":669,"column":12},"end":{"line":669,"column":43}},"type":"binary-expr","locations":[{"start":{"line":669,"column":12},"end":{"line":669,"column":25}},{"start":{"line":669,"column":29},"end":{"line":669,"column":43}}],"line":669},"95":{"loc":{"start":{"line":673,"column":12},"end":{"line":686,"column":13}},"type":"if","locations":[{"start":{"line":673,"column":12},"end":{"line":686,"column":13}},{"start":{"line":673,"column":12},"end":{"line":686,"column":13}}],"line":673},"96":{"loc":{"start":{"line":675,"column":16},"end":{"line":685,"column":17}},"type":"if","locations":[{"start":{"line":675,"column":16},"end":{"line":685,"column":17}},{"start":{"line":675,"column":16},"end":{"line":685,"column":17}}],"line":675},"97":{"loc":{"start":{"line":680,"column":20},"end":{"line":684,"column":21}},"type":"if","locations":[{"start":{"line":680,"column":20},"end":{"line":684,"column":21}},{"start":{"line":680,"column":20},"end":{"line":684,"column":21}}],"line":680},"98":{"loc":{"start":{"line":680,"column":24},"end":{"line":680,"column":54}},"type":"binary-expr","locations":[{"start":{"line":680,"column":24},"end":{"line":680,"column":36}},{"start":{"line":680,"column":40},"end":{"line":680,"column":54}}],"line":680},"99":{"loc":{"start":{"line":692,"column":21},"end":{"line":692,"column":51}},"type":"binary-expr","locations":[{"start":{"line":692,"column":21},"end":{"line":692,"column":28}},{"start":{"line":692,"column":32},"end":{"line":692,"column":51}}],"line":692},"100":{"loc":{"start":{"line":716,"column":4},"end":{"line":716,"column":39}},"type":"if","locations":[{"start":{"line":716,"column":4},"end":{"line":716,"column":39}},{"start":{"line":716,"column":4},"end":{"line":716,"column":39}}],"line":716},"101":{"loc":{"start":{"line":719,"column":4},"end":{"line":719,"column":57}},"type":"if","locations":[{"start":{"line":719,"column":4},"end":{"line":719,"column":57}},{"start":{"line":719,"column":4},"end":{"line":719,"column":57}}],"line":719},"102":{"loc":{"start":{"line":719,"column":8},"end":{"line":719,"column":43}},"type":"binary-expr","locations":[{"start":{"line":719,"column":8},"end":{"line":719,"column":26}},{"start":{"line":719,"column":30},"end":{"line":719,"column":43}}],"line":719},"103":{"loc":{"start":{"line":723,"column":4},"end":{"line":723,"column":58}},"type":"if","locations":[{"start":{"line":723,"column":4},"end":{"line":723,"column":58}},{"start":{"line":723,"column":4},"end":{"line":723,"column":58}}],"line":723},"104":{"loc":{"start":{"line":723,"column":8},"end":{"line":723,"column":43}},"type":"binary-expr","locations":[{"start":{"line":723,"column":8},"end":{"line":723,"column":26}},{"start":{"line":723,"column":30},"end":{"line":723,"column":43}}],"line":723},"105":{"loc":{"start":{"line":726,"column":4},"end":{"line":726,"column":52}},"type":"if","locations":[{"start":{"line":726,"column":4},"end":{"line":726,"column":52}},{"start":{"line":726,"column":4},"end":{"line":726,"column":52}}],"line":726},"106":{"loc":{"start":{"line":726,"column":8},"end":{"line":726,"column":38}},"type":"binary-expr","locations":[{"start":{"line":726,"column":8},"end":{"line":726,"column":22}},{"start":{"line":726,"column":26},"end":{"line":726,"column":38}}],"line":726}},"s":{"0":1,"1":1,"2":1,"3":1,"4":1,"5":1,"6":1,"7":1,"8":1,"9":1,"10":1,"11":1,"12":1,"13":1,"14":1,"15":1,"16":3,"17":3,"18":3,"19":3,"20":3,"21":3,"22":0,"23":3,"24":3,"25":3,"26":3,"27":3,"28":3,"29":3,"30":3,"31":3,"32":3,"33":3,"34":3,"35":3,"36":3,"37":0,"38":0,"39":3,"40":3,"41":3,"42":3,"43":3,"44":3,"45":3,"46":3,"47":3,"48":3,"49":3,"50":3,"51":3,"52":3,"53":3,"54":3,"55":3,"56":3,"57":3,"58":0,"59":3,"60":3,"61":3,"62":3,"63":3,"64":0,"65":0,"66":0,"67":3,"68":3,"69":3,"70":0,"71":3,"72":3,"73":3,"74":3,"75":3,"76":3,"77":3,"78":3,"79":3,"80":3,"81":0,"82":0,"83":0,"84":0,"85":0,"86":0,"87":3,"88":3,"89":3,"90":3,"91":3,"92":3,"93":3,"94":3,"95":3,"96":3,"97":3,"98":3,"99":3,"100":0,"101":1,"102":0,"103":0,"104":0,"105":0,"106":0,"107":0,"108":0,"109":0,"110":0,"111":0,"112":0,"113":0,"114":0,"115":0,"116":0,"117":0,"118":0,"119":0,"120":0,"121":0,"122":0,"123":0,"124":0,"125":0,"126":0,"127":0,"128":0,"129":0,"130":0,"131":0,"132":0,"133":0,"134":0,"135":0,"136":0,"137":0,"138":0,"139":0,"140":0,"141":0,"142":0,"143":0,"144":0,"145":0,"146":0,"147":0,"148":0,"149":0,"150":0,"151":0,"152":0,"153":0,"154":0,"155":0,"156":0,"157":0,"158":0,"159":0,"160":0,"161":0,"162":0,"163":0,"164":0,"165":0,"166":0,"167":0,"168":0,"169":0,"170":0,"171":0,"172":0,"173":0,"174":0,"175":0,"176":0,"177":0,"178":0,"179":0,"180":0,"181":0,"182":0,"183":0,"184":0,"185":0,"186":0,"187":1,"188":1,"189":1,"190":1,"191":0,"192":0,"193":0,"194":0,"195":0,"196":0,"197":0,"198":0,"199":0,"200":0,"201":0,"202":0,"203":0,"204":0,"205":0,"206":0,"207":0,"208":0,"209":0,"210":0,"211":0,"212":0,"213":0,"214":0,"215":0,"216":0,"217":0,"218":0,"219":0,"220":0,"221":0,"222":0,"223":0,"224":0,"225":0,"226":0,"227":0,"228":0,"229":0,"230":0,"231":1,"232":0,"233":0,"234":0,"235":0,"236":0,"237":0,"238":0,"239":0,"240":0,"241":0,"242":0,"243":1,"244":0,"245":0,"246":0,"247":0,"248":0,"249":0,"250":0,"251":0,"252":0,"253":0,"254":0,"255":1,"256":0,"257":0,"258":0,"259":0,"260":0,"261":0,"262":0,"263":0,"264":1,"265":0,"266":0,"267":0,"268":0,"269":0,"270":0,"271":0,"272":0,"273":1,"274":0,"275":0,"276":0,"277":0,"278":0,"279":0,"280":0,"281":0,"282":1,"283":0,"284":0,"285":0,"286":0,"287":0,"288":0,"289":0,"290":0,"291":0,"292":0,"293":0,"294":0,"295":0,"296":0,"297":1,"298":0,"299":0,"300":0,"301":0,"302":0,"303":0,"304":0,"305":0,"306":0,"307":0,"308":0,"309":0,"310":0,"311":0,"312":0,"313":0,"314":0,"315":0,"316":0,"317":0,"318":0,"319":0,"320":0,"321":0,"322":1,"323":0,"324":0,"325":0,"326":0,"327":0,"328":0,"329":0,"330":0,"331":0,"332":1},"f":{"0":3,"1":0,"2":0,"3":0,"4":0,"5":0,"6":0,"7":0,"8":0,"9":0,"10":0,"11":0,"12":0,"13":0,"14":0,"15":0,"16":0},"b":{"0":[0,3],"1":[3,3,3,3],"2":[3,0],"3":[0,3],"4":[0,3],"5":[0,3],"6":[0,3],"7":[0,3],"8":[0,3],"9":[0,3],"10":[0,3],"11":[0,3],"12":[3,3],"13":[3,0],"14":[0,0],"15":[0,0],"16":[0,0],"17":[0,3],"18":[3,0],"19":[0,3],"20":[0,3],"21":[0,3],"22":[0,3],"23":[0,3],"24":[0,3],"25":[0,3],"26":[0,3],"27":[3,0],"28":[0,3],"29":[0,0],"30":[3,0],"31":[3,0],"32":[3,0],"33":[3,0],"34":[3,0],"35":[3,0],"36":[3,0],"37":[3,0],"38":[3,0],"39":[3,0],"40":[3,0],"41":[0,0],"42":[0,0,0,0],"43":[0,0],"44":[0,0],"45":[0,0],"46":[0,0],"47":[0,0],"48":[0,0],"49":[0,0],"50":[0,0],"51":[0,0],"52":[0,0],"53":[0,0],"54":[0,0],"55":[0,0],"56":[0,0],"57":[0,0],"58":[0,0],"59":[0,0],"60":[0,0],"61":[0,0],"62":[0,0],"63":[0,0],"64":[0,0],"65":[0,0],"66":[0,0],"67":[0,0],"68":[0,0],"69":[0,0],"70":[0,0],"71":[0,0],"72":[0,0],"73":[0,0],"74":[0,0],"75":[0,0],"76":[0,0],"77":[0,0],"78":[0,0],"79":[0,0],"80":[0,0],"81":[0,0],"82":[0,0],"83":[0,0],"84":[0,0],"85":[0,0],"86":[0,0],"87":[0,0],"88":[0,0],"89":[0,0],"90":[0,0],"91":[0,0],"92":[0,0],"93":[0,0],"94":[0,0],"95":[0,0],"96":[0,0],"97":[0,0],"98":[0,0],"99":[0,0],"100":[0,0],"101":[0,0],"102":[0,0],"103":[0,0],"104":[0,0],"105":[0,0],"106":[0,0]},"_coverageSchema":"1a1c01bbd47fc00a2c39e90264f33305004495a9","hash":"0b5c5ab458b7b1931f42b4c0352b3f0526a352b3","contentHash":"a87e40b88b7e81b7581d4cff51e2097ef4c089e279694a8c0cdff7757a167c0a"},"C:\\Users\\suwan\\Desktop\\Coding Stuff\\Not Boring Company\\webapp-api-v2\\utils\\jsonParser.js":{"path":"C:\\Users\\suwan\\Desktop\\Coding Stuff\\Not Boring Company\\webapp-api-v2\\utils\\jsonParser.js","statementMap":{"0":{"start":{"line":6,"column":18},"end":{"line":6,"column":60}},"1":{"start":{"line":6,"column":28},"end":{"line":6,"column":60}},"2":{"start":{"line":8,"column":0},"end":{"line":8,"column":31}}},"fnMap":{"0":{"name":"(anonymous_0)","decl":{"start":{"line":6,"column":18},"end":{"line":6,"column":19}},"loc":{"start":{"line":6,"column":28},"end":{"line":6,"column":60}},"line":6}},"branchMap":{},"s":{"0":1,"1":6,"2":1},"f":{"0":6},"b":{},"_coverageSchema":"1a1c01bbd47fc00a2c39e90264f33305004495a9","hash":"993d885df1f5bd7e4091b479410851ede2ef85c4","contentHash":"25110bb3be8f23150e012d397fa0246cbce4b913c1c8557a84150c3df03d66ef"},"C:\\Users\\suwan\\Desktop\\Coding Stuff\\Not Boring Company\\webapp-api-v2\\api-calculations\\nbmonTypeEffectiveness.js":{"path":"C:\\Users\\suwan\\Desktop\\Coding Stuff\\Not Boring Company\\webapp-api-v2\\api-calculations\\nbmonTypeEffectiveness.js","statementMap":{"0":{"start":{"line":1,"column":0},"end":{"line":1,"column":27}},"1":{"start":{"line":3,"column":14},"end":{"line":3,"column":38}},"2":{"start":{"line":5,"column":19},"end":{"line":5,"column":44}},"3":{"start":{"line":6,"column":21},"end":{"line":6,"column":45}},"4":{"start":{"line":18,"column":17},"end":{"line":34,"column":1}},"5":{"start":{"line":42,"column":31},"end":{"line":148,"column":1}},"6":{"start":{"line":43,"column":4},"end":{"line":147,"column":5}},"7":{"start":{"line":45,"column":8},"end":{"line":50,"column":9}},"8":{"start":{"line":46,"column":12},"end":{"line":49,"column":14}},"9":{"start":{"line":53,"column":8},"end":{"line":55,"column":9}},"10":{"start":{"line":54,"column":12},"end":{"line":54,"column":30}},"11":{"start":{"line":58,"column":23},"end":{"line":65,"column":9}},"12":{"start":{"line":69,"column":25},"end":{"line":77,"column":10}},"13":{"start":{"line":70,"column":12},"end":{"line":76,"column":13}},"14":{"start":{"line":71,"column":16},"end":{"line":71,"column":76}},"15":{"start":{"line":72,"column":19},"end":{"line":76,"column":13}},"16":{"start":{"line":73,"column":16},"end":{"line":73,"column":75}},"17":{"start":{"line":75,"column":16},"end":{"line":75,"column":49}},"18":{"start":{"line":81,"column":31},"end":{"line":81,"column":107}},"19":{"start":{"line":81,"column":60},"end":{"line":81,"column":106}},"20":{"start":{"line":82,"column":32},"end":{"line":82,"column":136}},"21":{"start":{"line":82,"column":83},"end":{"line":82,"column":130}},"22":{"start":{"line":90,"column":30},"end":{"line":90,"column":32}},"23":{"start":{"line":91,"column":28},"end":{"line":91,"column":30}},"24":{"start":{"line":93,"column":8},"end":{"line":137,"column":9}},"25":{"start":{"line":94,"column":12},"end":{"line":110,"column":15}},"26":{"start":{"line":96,"column":33},"end":{"line":96,"column":97}},"27":{"start":{"line":98,"column":16},"end":{"line":102,"column":17}},"28":{"start":{"line":99,"column":20},"end":{"line":99,"column":35}},"29":{"start":{"line":101,"column":20},"end":{"line":101,"column":130}},"30":{"start":{"line":105,"column":16},"end":{"line":109,"column":17}},"31":{"start":{"line":106,"column":20},"end":{"line":106,"column":43}},"32":{"start":{"line":107,"column":23},"end":{"line":109,"column":17}},"33":{"start":{"line":108,"column":20},"end":{"line":108,"column":45}},"34":{"start":{"line":113,"column":12},"end":{"line":136,"column":15}},"35":{"start":{"line":114,"column":42},"end":{"line":114,"column":106}},"36":{"start":{"line":115,"column":43},"end":{"line":115,"column":108}},"37":{"start":{"line":117,"column":16},"end":{"line":121,"column":17}},"38":{"start":{"line":118,"column":20},"end":{"line":118,"column":44}},"39":{"start":{"line":120,"column":20},"end":{"line":120,"column":139}},"40":{"start":{"line":123,"column":16},"end":{"line":127,"column":17}},"41":{"start":{"line":124,"column":20},"end":{"line":124,"column":45}},"42":{"start":{"line":126,"column":20},"end":{"line":126,"column":141}},"43":{"start":{"line":129,"column":35},"end":{"line":129,"column":77}},"44":{"start":{"line":131,"column":16},"end":{"line":135,"column":17}},"45":{"start":{"line":132,"column":20},"end":{"line":132,"column":43}},"46":{"start":{"line":134,"column":20},"end":{"line":134,"column":45}},"47":{"start":{"line":139,"column":8},"end":{"line":139,"column":48}},"48":{"start":{"line":141,"column":8},"end":{"line":144,"column":10}},"49":{"start":{"line":146,"column":8},"end":{"line":146,"column":18}},"50":{"start":{"line":157,"column":32},"end":{"line":266,"column":1}},"51":{"start":{"line":158,"column":4},"end":{"line":265,"column":5}},"52":{"start":{"line":159,"column":8},"end":{"line":164,"column":9}},"53":{"start":{"line":160,"column":12},"end":{"line":163,"column":14}},"54":{"start":{"line":167,"column":8},"end":{"line":169,"column":9}},"55":{"start":{"line":168,"column":12},"end":{"line":168,"column":30}},"56":{"start":{"line":172,"column":23},"end":{"line":179,"column":9}},"57":{"start":{"line":183,"column":25},"end":{"line":191,"column":10}},"58":{"start":{"line":184,"column":12},"end":{"line":190,"column":13}},"59":{"start":{"line":185,"column":16},"end":{"line":185,"column":76}},"60":{"start":{"line":186,"column":19},"end":{"line":190,"column":13}},"61":{"start":{"line":187,"column":16},"end":{"line":187,"column":75}},"62":{"start":{"line":189,"column":16},"end":{"line":189,"column":49}},"63":{"start":{"line":199,"column":28},"end":{"line":199,"column":30}},"64":{"start":{"line":200,"column":29},"end":{"line":200,"column":31}},"65":{"start":{"line":209,"column":8},"end":{"line":255,"column":9}},"66":{"start":{"line":210,"column":12},"end":{"line":228,"column":15}},"67":{"start":{"line":215,"column":33},"end":{"line":215,"column":93}},"68":{"start":{"line":217,"column":16},"end":{"line":221,"column":17}},"69":{"start":{"line":218,"column":20},"end":{"line":218,"column":35}},"70":{"start":{"line":220,"column":20},"end":{"line":220,"column":126}},"71":{"start":{"line":223,"column":16},"end":{"line":227,"column":17}},"72":{"start":{"line":224,"column":20},"end":{"line":224,"column":43}},"73":{"start":{"line":225,"column":23},"end":{"line":227,"column":17}},"74":{"start":{"line":226,"column":20},"end":{"line":226,"column":44}},"75":{"start":{"line":231,"column":12},"end":{"line":254,"column":15}},"76":{"start":{"line":232,"column":42},"end":{"line":232,"column":102}},"77":{"start":{"line":233,"column":43},"end":{"line":233,"column":104}},"78":{"start":{"line":235,"column":16},"end":{"line":239,"column":17}},"79":{"start":{"line":236,"column":20},"end":{"line":236,"column":44}},"80":{"start":{"line":238,"column":20},"end":{"line":238,"column":135}},"81":{"start":{"line":241,"column":16},"end":{"line":245,"column":17}},"82":{"start":{"line":242,"column":20},"end":{"line":242,"column":45}},"83":{"start":{"line":244,"column":20},"end":{"line":244,"column":137}},"84":{"start":{"line":247,"column":35},"end":{"line":247,"column":77}},"85":{"start":{"line":249,"column":16},"end":{"line":253,"column":17}},"86":{"start":{"line":250,"column":20},"end":{"line":250,"column":43}},"87":{"start":{"line":251,"column":23},"end":{"line":253,"column":17}},"88":{"start":{"line":252,"column":20},"end":{"line":252,"column":44}},"89":{"start":{"line":257,"column":8},"end":{"line":257,"column":47}},"90":{"start":{"line":259,"column":8},"end":{"line":262,"column":10}},"91":{"start":{"line":264,"column":8},"end":{"line":264,"column":18}},"92":{"start":{"line":268,"column":0},"end":{"line":271,"column":2}}},"fnMap":{"0":{"name":"(anonymous_0)","decl":{"start":{"line":42,"column":31},"end":{"line":42,"column":32}},"loc":{"start":{"line":42,"column":64},"end":{"line":148,"column":1}},"line":42},"1":{"name":"(anonymous_1)","decl":{"start":{"line":69,"column":51},"end":{"line":69,"column":52}},"loc":{"start":{"line":69,"column":60},"end":{"line":77,"column":9}},"line":69},"2":{"name":"(anonymous_2)","decl":{"start":{"line":81,"column":50},"end":{"line":81,"column":51}},"loc":{"start":{"line":81,"column":60},"end":{"line":81,"column":106}},"line":81},"3":{"name":"(anonymous_3)","decl":{"start":{"line":82,"column":73},"end":{"line":82,"column":74}},"loc":{"start":{"line":82,"column":83},"end":{"line":82,"column":130}},"line":82},"4":{"name":"(anonymous_4)","decl":{"start":{"line":94,"column":29},"end":{"line":94,"column":30}},"loc":{"start":{"line":94,"column":39},"end":{"line":110,"column":13}},"line":94},"5":{"name":"(anonymous_5)","decl":{"start":{"line":113,"column":29},"end":{"line":113,"column":30}},"loc":{"start":{"line":113,"column":39},"end":{"line":136,"column":13}},"line":113},"6":{"name":"(anonymous_6)","decl":{"start":{"line":157,"column":32},"end":{"line":157,"column":33}},"loc":{"start":{"line":157,"column":65},"end":{"line":266,"column":1}},"line":157},"7":{"name":"(anonymous_7)","decl":{"start":{"line":183,"column":51},"end":{"line":183,"column":52}},"loc":{"start":{"line":183,"column":60},"end":{"line":191,"column":9}},"line":183},"8":{"name":"(anonymous_8)","decl":{"start":{"line":210,"column":29},"end":{"line":210,"column":30}},"loc":{"start":{"line":210,"column":46},"end":{"line":228,"column":13}},"line":210},"9":{"name":"(anonymous_9)","decl":{"start":{"line":231,"column":29},"end":{"line":231,"column":30}},"loc":{"start":{"line":231,"column":46},"end":{"line":254,"column":13}},"line":231}},"branchMap":{"0":{"loc":{"start":{"line":45,"column":8},"end":{"line":50,"column":9}},"type":"if","locations":[{"start":{"line":45,"column":8},"end":{"line":50,"column":9}},{"start":{"line":45,"column":8},"end":{"line":50,"column":9}}],"line":45},"1":{"loc":{"start":{"line":45,"column":12},"end":{"line":45,"column":77}},"type":"binary-expr","locations":[{"start":{"line":45,"column":12},"end":{"line":45,"column":35}},{"start":{"line":45,"column":39},"end":{"line":45,"column":57}},{"start":{"line":45,"column":61},"end":{"line":45,"column":77}}],"line":45},"2":{"loc":{"start":{"line":53,"column":8},"end":{"line":55,"column":9}},"type":"if","locations":[{"start":{"line":53,"column":8},"end":{"line":55,"column":9}},{"start":{"line":53,"column":8},"end":{"line":55,"column":9}}],"line":53},"3":{"loc":{"start":{"line":53,"column":12},"end":{"line":53,"column":80}},"type":"binary-expr","locations":[{"start":{"line":53,"column":12},"end":{"line":53,"column":36}},{"start":{"line":53,"column":40},"end":{"line":53,"column":59}},{"start":{"line":53,"column":63},"end":{"line":53,"column":80}}],"line":53},"4":{"loc":{"start":{"line":70,"column":12},"end":{"line":76,"column":13}},"type":"if","locations":[{"start":{"line":70,"column":12},"end":{"line":76,"column":13}},{"start":{"line":70,"column":12},"end":{"line":76,"column":13}}],"line":70},"5":{"loc":{"start":{"line":72,"column":19},"end":{"line":76,"column":13}},"type":"if","locations":[{"start":{"line":72,"column":19},"end":{"line":76,"column":13}},{"start":{"line":72,"column":19},"end":{"line":76,"column":13}}],"line":72},"6":{"loc":{"start":{"line":82,"column":32},"end":{"line":82,"column":136}},"type":"cond-expr","locations":[{"start":{"line":82,"column":54},"end":{"line":82,"column":131}},{"start":{"line":82,"column":134},"end":{"line":82,"column":136}}],"line":82},"7":{"loc":{"start":{"line":93,"column":8},"end":{"line":137,"column":9}},"type":"if","locations":[{"start":{"line":93,"column":8},"end":{"line":137,"column":9}},{"start":{"line":93,"column":8},"end":{"line":137,"column":9}}],"line":93},"8":{"loc":{"start":{"line":98,"column":16},"end":{"line":102,"column":17}},"type":"if","locations":[{"start":{"line":98,"column":16},"end":{"line":102,"column":17}},{"start":{"line":98,"column":16},"end":{"line":102,"column":17}}],"line":98},"9":{"loc":{"start":{"line":98,"column":20},"end":{"line":98,"column":94}},"type":"binary-expr","locations":[{"start":{"line":98,"column":20},"end":{"line":98,"column":43}},{"start":{"line":98,"column":47},"end":{"line":98,"column":71}},{"start":{"line":98,"column":75},"end":{"line":98,"column":94}}],"line":98},"10":{"loc":{"start":{"line":105,"column":16},"end":{"line":109,"column":17}},"type":"if","locations":[{"start":{"line":105,"column":16},"end":{"line":109,"column":17}},{"start":{"line":105,"column":16},"end":{"line":109,"column":17}}],"line":105},"11":{"loc":{"start":{"line":107,"column":23},"end":{"line":109,"column":17}},"type":"if","locations":[{"start":{"line":107,"column":23},"end":{"line":109,"column":17}},{"start":{"line":107,"column":23},"end":{"line":109,"column":17}}],"line":107},"12":{"loc":{"start":{"line":117,"column":16},"end":{"line":121,"column":17}},"type":"if","locations":[{"start":{"line":117,"column":16},"end":{"line":121,"column":17}},{"start":{"line":117,"column":16},"end":{"line":121,"column":17}}],"line":117},"13":{"loc":{"start":{"line":117,"column":20},"end":{"line":117,"column":121}},"type":"binary-expr","locations":[{"start":{"line":117,"column":20},"end":{"line":117,"column":52}},{"start":{"line":117,"column":56},"end":{"line":117,"column":89}},{"start":{"line":117,"column":93},"end":{"line":117,"column":121}}],"line":117},"14":{"loc":{"start":{"line":123,"column":16},"end":{"line":127,"column":17}},"type":"if","locations":[{"start":{"line":123,"column":16},"end":{"line":127,"column":17}},{"start":{"line":123,"column":16},"end":{"line":127,"column":17}}],"line":123},"15":{"loc":{"start":{"line":123,"column":20},"end":{"line":123,"column":124}},"type":"binary-expr","locations":[{"start":{"line":123,"column":20},"end":{"line":123,"column":53}},{"start":{"line":123,"column":57},"end":{"line":123,"column":91}},{"start":{"line":123,"column":95},"end":{"line":123,"column":124}}],"line":123},"16":{"loc":{"start":{"line":131,"column":16},"end":{"line":135,"column":17}},"type":"if","locations":[{"start":{"line":131,"column":16},"end":{"line":135,"column":17}},{"start":{"line":131,"column":16},"end":{"line":135,"column":17}}],"line":131},"17":{"loc":{"start":{"line":159,"column":8},"end":{"line":164,"column":9}},"type":"if","locations":[{"start":{"line":159,"column":8},"end":{"line":164,"column":9}},{"start":{"line":159,"column":8},"end":{"line":164,"column":9}}],"line":159},"18":{"loc":{"start":{"line":159,"column":12},"end":{"line":159,"column":77}},"type":"binary-expr","locations":[{"start":{"line":159,"column":12},"end":{"line":159,"column":35}},{"start":{"line":159,"column":39},"end":{"line":159,"column":57}},{"start":{"line":159,"column":61},"end":{"line":159,"column":77}}],"line":159},"19":{"loc":{"start":{"line":167,"column":8},"end":{"line":169,"column":9}},"type":"if","locations":[{"start":{"line":167,"column":8},"end":{"line":169,"column":9}},{"start":{"line":167,"column":8},"end":{"line":169,"column":9}}],"line":167},"20":{"loc":{"start":{"line":167,"column":12},"end":{"line":167,"column":80}},"type":"binary-expr","locations":[{"start":{"line":167,"column":12},"end":{"line":167,"column":36}},{"start":{"line":167,"column":40},"end":{"line":167,"column":59}},{"start":{"line":167,"column":63},"end":{"line":167,"column":80}}],"line":167},"21":{"loc":{"start":{"line":184,"column":12},"end":{"line":190,"column":13}},"type":"if","locations":[{"start":{"line":184,"column":12},"end":{"line":190,"column":13}},{"start":{"line":184,"column":12},"end":{"line":190,"column":13}}],"line":184},"22":{"loc":{"start":{"line":186,"column":19},"end":{"line":190,"column":13}},"type":"if","locations":[{"start":{"line":186,"column":19},"end":{"line":190,"column":13}},{"start":{"line":186,"column":19},"end":{"line":190,"column":13}}],"line":186},"23":{"loc":{"start":{"line":209,"column":8},"end":{"line":255,"column":9}},"type":"if","locations":[{"start":{"line":209,"column":8},"end":{"line":255,"column":9}},{"start":{"line":209,"column":8},"end":{"line":255,"column":9}}],"line":209},"24":{"loc":{"start":{"line":217,"column":16},"end":{"line":221,"column":17}},"type":"if","locations":[{"start":{"line":217,"column":16},"end":{"line":221,"column":17}},{"start":{"line":217,"column":16},"end":{"line":221,"column":17}}],"line":217},"25":{"loc":{"start":{"line":217,"column":20},"end":{"line":217,"column":94}},"type":"binary-expr","locations":[{"start":{"line":217,"column":20},"end":{"line":217,"column":43}},{"start":{"line":217,"column":47},"end":{"line":217,"column":71}},{"start":{"line":217,"column":75},"end":{"line":217,"column":94}}],"line":217},"26":{"loc":{"start":{"line":223,"column":16},"end":{"line":227,"column":17}},"type":"if","locations":[{"start":{"line":223,"column":16},"end":{"line":227,"column":17}},{"start":{"line":223,"column":16},"end":{"line":227,"column":17}}],"line":223},"27":{"loc":{"start":{"line":225,"column":23},"end":{"line":227,"column":17}},"type":"if","locations":[{"start":{"line":225,"column":23},"end":{"line":227,"column":17}},{"start":{"line":225,"column":23},"end":{"line":227,"column":17}}],"line":225},"28":{"loc":{"start":{"line":235,"column":16},"end":{"line":239,"column":17}},"type":"if","locations":[{"start":{"line":235,"column":16},"end":{"line":239,"column":17}},{"start":{"line":235,"column":16},"end":{"line":239,"column":17}}],"line":235},"29":{"loc":{"start":{"line":235,"column":20},"end":{"line":235,"column":121}},"type":"binary-expr","locations":[{"start":{"line":235,"column":20},"end":{"line":235,"column":52}},{"start":{"line":235,"column":56},"end":{"line":235,"column":89}},{"start":{"line":235,"column":93},"end":{"line":235,"column":121}}],"line":235},"30":{"loc":{"start":{"line":241,"column":16},"end":{"line":245,"column":17}},"type":"if","locations":[{"start":{"line":241,"column":16},"end":{"line":245,"column":17}},{"start":{"line":241,"column":16},"end":{"line":245,"column":17}}],"line":241},"31":{"loc":{"start":{"line":241,"column":20},"end":{"line":241,"column":124}},"type":"binary-expr","locations":[{"start":{"line":241,"column":20},"end":{"line":241,"column":53}},{"start":{"line":241,"column":57},"end":{"line":241,"column":91}},{"start":{"line":241,"column":95},"end":{"line":241,"column":124}}],"line":241},"32":{"loc":{"start":{"line":249,"column":16},"end":{"line":253,"column":17}},"type":"if","locations":[{"start":{"line":249,"column":16},"end":{"line":253,"column":17}},{"start":{"line":249,"column":16},"end":{"line":253,"column":17}}],"line":249},"33":{"loc":{"start":{"line":251,"column":23},"end":{"line":253,"column":17}},"type":"if","locations":[{"start":{"line":251,"column":23},"end":{"line":253,"column":17}},{"start":{"line":251,"column":23},"end":{"line":253,"column":17}}],"line":251}},"s":{"0":1,"1":1,"2":1,"3":1,"4":1,"5":1,"6":3,"7":3,"8":3,"9":0,"10":0,"11":0,"12":0,"13":0,"14":0,"15":0,"16":0,"17":0,"18":0,"19":0,"20":0,"21":0,"22":0,"23":0,"24":0,"25":0,"26":0,"27":0,"28":0,"29":0,"30":0,"31":0,"32":0,"33":0,"34":0,"35":0,"36":0,"37":0,"38":0,"39":0,"40":0,"41":0,"42":0,"43":0,"44":0,"45":0,"46":0,"47":0,"48":0,"49":0,"50":1,"51":3,"52":3,"53":3,"54":0,"55":0,"56":0,"57":0,"58":0,"59":0,"60":0,"61":0,"62":0,"63":0,"64":0,"65":0,"66":0,"67":0,"68":0,"69":0,"70":0,"71":0,"72":0,"73":0,"74":0,"75":0,"76":0,"77":0,"78":0,"79":0,"80":0,"81":0,"82":0,"83":0,"84":0,"85":0,"86":0,"87":0,"88":0,"89":0,"90":0,"91":0,"92":1},"f":{"0":3,"1":0,"2":0,"3":0,"4":0,"5":0,"6":3,"7":0,"8":0,"9":0},"b":{"0":[3,0],"1":[3,3,3],"2":[0,0],"3":[0,0,0],"4":[0,0],"5":[0,0],"6":[0,0],"7":[0,0],"8":[0,0],"9":[0,0,0],"10":[0,0],"11":[0,0],"12":[0,0],"13":[0,0,0],"14":[0,0],"15":[0,0,0],"16":[0,0],"17":[3,0],"18":[3,3,3],"19":[0,0],"20":[0,0,0],"21":[0,0],"22":[0,0],"23":[0,0],"24":[0,0],"25":[0,0,0],"26":[0,0],"27":[0,0],"28":[0,0],"29":[0,0,0],"30":[0,0],"31":[0,0,0],"32":[0,0],"33":[0,0]},"_coverageSchema":"1a1c01bbd47fc00a2c39e90264f33305004495a9","hash":"39e6a519361c170b103248dddc08309a40fb4292","contentHash":"24f4ca07aeb83cd1ffd54cce55da878f3d2f93c0741b2851b0176f95ef26f5e7"},"C:\\Users\\suwan\\Desktop\\Coding Stuff\\Not Boring Company\\webapp-api-v2\\api-calculations\\nbmonData.js":{"path":"C:\\Users\\suwan\\Desktop\\Coding Stuff\\Not Boring Company\\webapp-api-v2\\api-calculations\\nbmonData.js","statementMap":{"0":{"start":{"line":1,"column":0},"end":{"line":1,"column":27}},"1":{"start":{"line":3,"column":14},"end":{"line":3,"column":38}},"2":{"start":{"line":5,"column":16},"end":{"line":5,"column":38}},"3":{"start":{"line":6,"column":21},"end":{"line":6,"column":45}},"4":{"start":{"line":13,"column":21},"end":{"line":135,"column":1}},"5":{"start":{"line":14,"column":4},"end":{"line":134,"column":5}},"6":{"start":{"line":15,"column":8},"end":{"line":26,"column":9}},"7":{"start":{"line":16,"column":12},"end":{"line":25,"column":14}},"8":{"start":{"line":29,"column":23},"end":{"line":36,"column":9}},"9":{"start":{"line":40,"column":25},"end":{"line":48,"column":10}},"10":{"start":{"line":41,"column":12},"end":{"line":47,"column":13}},"11":{"start":{"line":42,"column":16},"end":{"line":42,"column":76}},"12":{"start":{"line":43,"column":19},"end":{"line":47,"column":13}},"13":{"start":{"line":44,"column":16},"end":{"line":44,"column":75}},"14":{"start":{"line":46,"column":16},"end":{"line":46,"column":49}},"15":{"start":{"line":50,"column":24},"end":{"line":50,"column":45}},"16":{"start":{"line":51,"column":22},"end":{"line":51,"column":24}},"17":{"start":{"line":55,"column":22},"end":{"line":55,"column":24}},"18":{"start":{"line":59,"column":8},"end":{"line":120,"column":11}},"19":{"start":{"line":61,"column":12},"end":{"line":119,"column":13}},"20":{"start":{"line":63,"column":38},"end":{"line":63,"column":81}},"21":{"start":{"line":64,
[...]
,"column":47}},"35":{"start":{"line":89,"column":23},"end":{"line":89,"column":47}},"36":{"start":{"line":92,"column":8},"end":{"line":95,"column":9}},"37":{"start":{"line":93,"column":27},"end":{"line":93,"column":51}},"38":{"start":{"line":94,"column":12},"end":{"line":94,"column":26}},"39":{"start":{"line":97,"column":23},"end":{"line":97,"column":52}},"40":{"start":{"line":99,"column":8},"end":{"line":99,"column":22}},"41":{"start":{"line":101,"column":8},"end":{"line":101,"column":18}},"42":{"start":{"line":105,"column":0},"end":{"line":109,"column":2}}},"fnMap":{"0":{"name":"(anonymous_0)","decl":{"start":{"line":31,"column":37},"end":{"line":31,"column":38}},"loc":{"start":{"line":31,"column":49},"end":{"line":54,"column":1}},"line":31},"1":{"name":"(anonymous_1)","decl":{"start":{"line":61,"column":18},"end":{"line":61,"column":19}},"loc":{"start":{"line":61,"column":37},"end":{"line":68,"column":1}},"line":61},"2":{"name":"(anonymous_2)","decl":{"start":{"line":79,"column":21},"end":{"line":79,"column":22}},"loc":{"start":{"line":79,"column":40},"end":{"line":103,"column":1}},"line":79}},"branchMap":{"0":{"loc":{"start":{"line":32,"column":4},"end":{"line":53,"column":5}},"type":"switch","locations":[{"start":{"line":33,"column":4},"end":{"line":34,"column":20}},{"start":{"line":35,"column":4},"end":{"line":36,"column":19}},{"start":{"line":37,"column":4},"end":{"line":38,"column":19}},{"start":{"line":39,"column":4},"end":{"line":40,"column":19}},{"start":{"line":41,"column":4},"end":{"line":42,"column":19}},{"start":{"line":43,"column":4},"end":{"line":44,"column":19}},{"start":{"line":45,"column":4},"end":{"line":46,"column":20}},{"start":{"line":47,"column":4},"end":{"line":48,"column":20}},{"start":{"line":49,"column":4},"end":{"line":50,"column":20}},{"start":{"line":51,"column":4},"end":{"line":52,"column":43}}],"line":32},"1":{"loc":{"start":{"line":92,"column":8},"end":{"line":95,"column":9}},"type":"if","locations":[{"start":{"line":92,"column":8},"end":{"line":95,"column":9}},{"start":{"line":92,"column":8},"end":{"line":95,"column":9}}],"line":92}},"s":{"0":1,"1":1,"2":1,"3":1,"4":1,"5":1,"6":1,"7":1,"8":1,"9":1,"10":1,"11":3,"12":0,"13":0,"14":0,"15":0,"16":0,"17":0,"18":0,"19":0,"20":3,"21":0,"22":1,"23":0,"24":0,"25":0,"26":0,"27":1,"28":1,"29":1,"30":1,"31":0,"32":0,"33":0,"34":0,"35":0,"36":0,"37":0,"38":0,"39":0,"40":0,"41":0,"42":1},"f":{"0":3,"1":0,"2":0},"b":{"0":[0,0,0,0,0,0,0,0,3,0],"1":[0,0]},"_coverageSchema":"1a1c01bbd47fc00a2c39e90264f33305004495a9","hash":"76d513f5fcc92bfb2e57357b5ad992fa2528f789","contentHash":"86d5f6568b9e6d541bc358d724fde684f75740b98cb56264301aa44e0b6d5162"},"C:\\Users\\suwan\\Desktop\\Coding Stuff\\Not Boring Company\\webapp-api-v2\\api\\webapp\\marketplace.js":{"path":"C:\\Users\\suwan\\Desktop\\Coding Stuff\\Not Boring Company\\webapp-api-v2\\api\\webapp\\marketplace.js","statementMap":{"0":{"start":{"line":1,"column":0},"end":{"line":1,"column":27}},"1":{"start":{"line":3,"column":15},"end":{"line":3,"column":32}},"2":{"start":{"line":4,"column":16},"end":{"line":4,"column":42}},"3":{"start":{"line":5,"column":15},"end":{"line":5,"column":32}},"4":{"start":{"line":6,"column":14},"end":{"line":6,"column":38}},"5":{"start":{"line":9,"column":22},"end":{"line":9,"column":55}},"6":{"start":{"line":31,"column":17},"end":{"line":83,"column":1}},"7":{"start":{"line":48,"column":4},"end":{"line":82,"column":5}},"8":{"start":{"line":52,"column":8},"end":{"line":54,"column":9}},"9":{"start":{"line":53,"column":12},"end":{"line":53,"column":116}},"10":{"start":{"line":56,"column":28},"end":{"line":56,"column":64}},"11":{"start":{"line":57,"column":28},"end":{"line":57,"column":45}},"12":{"start":{"line":59,"column":8},"end":{"line":59,"column":52}},"13":{"start":{"line":60,"column":8},"end":{"line":60,"column":44}},"14":{"start":{"line":61,"column":8},"end":{"line":61,"column":54}},"15":{"start":{"line":62,"column":8},"end":{"line":62,"column":64}},"16":{"start":{"line":63,"column":8},"end":{"line":63,"column":42}},"17":{"start":{"line":64,"column":8},"end":{"line":64,"column":42}},"18":{"start":{"line":65,"column":8},"end":{"line":65,"column":48}},"19":{"start":{"line":66,"column":8},"end":{"line":66,"column":46}},"20":{"start":{"line":67,"column":8},"end":{"line":67,"column":40}},"21":{"start":{"line":68,"column":8},"end":{"line":68,"column":56}},"22":{"start":{"line":69,"column":8},"end":{"line":69,"column":50}},"23":{"start":{"line":70,"column":8},"end":{"line":70,"column":52}},"24":{"start":{"line":71,"column":8},"end":{"line":71,"column":64}},"25":{"start":{"line":72,"column":8},"end":{"line":72,"column":46}},"26":{"start":{"line":73,"column":8},"end":{"line":73,"column":52}},"27":{"start":{"line":75,"column":8},"end":{"line":75,"column":55}},"28":{"start":{"line":77,"column":8},"end":{"line":79,"column":10}},"29":{"start":{"line":81,"column":8},"end":{"line":81,"column":18}},"30":{"start":{"line":91,"column":29},"end":{"line":109,"column":1}},"31":{"start":{"line":92,"column":4},"end":{"line":108,"column":5}},"32":{"start":{"line":93,"column":27},"end":{"line":93,"column":58}},"33":{"start":{"line":94,"column":8},"end":{"line":94,"column":59}},"34":{"start":{"line":95,"column":8},"end":{"line":95,"column":47}},"35":{"start":{"line":97,"column":23},"end":{"line":97,"column":69}},"36":{"start":{"line":99,"column":8},"end":{"line":99,"column":39}},"37":{"start":{"line":101,"column":8},"end":{"line":101,"column":56}},"38":{"start":{"line":103,"column":8},"end":{"line":105,"column":10}},"39":{"start":{"line":107,"column":8},"end":{"line":107,"column":18}},"40":{"start":{"line":115,"column":23},"end":{"line":117,"column":1}},"41":{"start":{"line":116,"column":4},"end":{"line":116,"column":51}},"42":{"start":{"line":123,"column":23},"end":{"line":163,"column":1}},"43":{"start":{"line":124,"column":4},"end":{"line":162,"column":5}},"44":{"start":{"line":127,"column":27},"end":{"line":127,"column":58}},"45":{"start":{"line":128,"column":8},"end":{"line":128,"column":45}},"46":{"start":{"line":130,"column":23},"end":{"line":130,"column":68}},"47":{"start":{"line":132,"column":8},"end":{"line":134,"column":9}},"48":{"start":{"line":133,"column":12},"end":{"line":133,"column":85}},"49":{"start":{"line":137,"column":22},"end":{"line":137,"column":39}},"50":{"start":{"line":140,"column":32},"end":{"line":156,"column":10}},"51":{"start":{"line":142,"column":32},"end":{"line":142,"column":52}},"52":{"start":{"line":143,"column":28},"end":{"line":143,"column":40}},"53":{"start":{"line":144,"column":32},"end":{"line":144,"column":74}},"54":{"start":{"line":147,"column":12},"end":{"line":155,"column":13}},"55":{"start":{"line":149,"column":16},"end":{"line":149,"column":72}},"56":{"start":{"line":150,"column":16},"end":{"line":150,"column":61}},"57":{"start":{"line":152,"column":16},"end":{"line":152,"column":28}},"58":{"start":{"line":154,"column":16},"end":{"line":154,"column":48}},"59":{"start":{"line":159,"column":8},"end":{"line":159,"column":84}},"60":{"start":{"line":159,"column":69},"end":{"line":159,"column":82}},"61":{"start":{"line":161,"column":8},"end":{"line":161,"column":18}},"62":{"start":{"line":172,"column":25},"end":{"line":192,"column":1}},"63":{"start":{"line":173,"column":4},"end":{"line":191,"column":5}},"64":{"start":{"line":174,"column":28},"end":{"line":174,"column":60}},"65":{"start":{"line":175,"column":8},"end":{"line":175,"column":56}},"66":{"start":{"line":176,"column":8},"end":{"line":176,"column":48}},"67":{"start":{"line":178,"column":21},"end":{"line":178,"column":68}},"68":{"start":{"line":180,"column":8},"end":{"line":182,"column":9}},"69":{"start":{"line":181,"column":12},"end":{"line":181,"column":144}},"70":{"start":{"line":184,"column":8},"end":{"line":184,"column":51}},"71":{"start":{"line":186,"column":8},"end":{"line":188,"column":10}},"72":{"start":{"line":190,"column":8},"end":{"line":190,"column":18}},"73":{"start":{"line":200,"column":23},"end":{"line":229,"column":1}},"74":{"start":{"line":201,"column":4},"end":{"line":228,"column":5}},"75":{"start":{"line":203,"column":28},"end":{"line":203,"column":60}},"76":{"start":{"line":204,"column":8},"end":{"line":204,"column":56}},"77":{"start":{"line":205,"column":8},"end":{"line":205,"column":48}},"78":{"start":{"line":208,"column":30},"end":{"line":208,"column":77}},"79":{"start":{"line":210,"column":8},"end":{"line":212,"column":9}},"80":{"start":{"line":211,"column":12},"end":{"line":211,"column":99}},"81":{"start":{"line":215,"column":8},"end":{"line":215,"column":63}},"82":{"start":{"line":217,"column":23},"end":{"line":217,"column":70}},"83":{"start":{"line":220,"column":8},"end":{"line":222,"column":9}},"84":{"start":{"line":221,"column":12},"end":{"line":221,"column":24}},"85":{"start":{"line":224,"column":21},"end":{"line":224,"column":38}},"86":{"start":{"line":225,"column":8},"end":{"line":225,"column":20}},"87":{"start":{"line":227,"column":8},"end":{"line":227,"column":18}},"88":{"start":{"line":239,"column":36},"end":{"line":262,"column":1}},"89":{"start":{"line":240,"column":4},"end":{"line":261,"column":5}},"90":{"start":{"line":241,"column":27},"end":{"line":241,"column":58}},"91":{"start":{"line":242,"column":8},"end":{"line":242,"column":59}},"92":{"start":{"line":243,"column":8},"end":{"line":243,"column":47}},"93":{"start":{"line":245,"column":23},"end":{"line":245,"column":69}},"94":{"start":{"line":247,"column":8},"end":{"line":249,"column":9}},"95":{"start":{"line":248,"column":12},"end":{"line":248,"column":105}},"96":{"start":{"line":251,"column":8},"end":{"line":251,"column":38}},"97":{"start":{"line":252,"column":8},"end":{"line":252,"column":46}},"98":{"start":{"line":254,"column":8},"end":{"line":254,"column":56}},"99":{"start":{"line":256,"column":8},"end":{"line":258,"column":10}},"100":{"start":{"line":260,"column":8},"end":{"line":260,"column":18}},"101":{"start":{"line":271,"column":26},"end":{"line":331,"column":1}},"102":{"start":{"line":272,"column":4},"end":{"line":330,"column":5}},"103":{"start":{"line":273,"column":28},"end":{"line":273,"column":60}},"104":{"start":{"line":274,"column":8},"end":{"line":274,"column":56}},"105":{"start":{"line":275,"column":8},"end":{"line":275,"column":48}},"106":{"start":{"line":277,"column":23},"end":{"line":277,"column":70}},"107":{"start":{"line":279,"column":8},"end":{"line":281,"column":9}},"108":{"start":{"line":280,"column":12},"end":{"line":280,"column":105}},"109":{"start":{"line":284,"column":29},"end":{"line":284,"column":61}},"110":{"start":{"line":285,"column":28},"end":{"line":285,"column":53}},"111":{"start":{"line":295,"column":8},"end":{"line":325,"column":9}},"112":{"start":{"line":297,"column":12},"end":{"line":297,"column":55}},"113":{"start":{"line":298,"column":15},"end":{"line":325,"column":9}},"114":{"start":{"line":300,"column":12},"end":{"line":300,"column":55}},"115":{"start":{"line":302,"column":12},"end":{"line":314,"column":19}},"116":{"start":{"line":305,"column":33},"end":{"line":305,"column":46}},"117":{"start":{"line":306,"column":20},"end":{"line":313,"column":21}},"118":{"start":{"line":306,"column":33},"end":{"line":306,"column":34}},"119":{"start":{"line":307,"column":37},"end":{"line":307,"column":44}},"120":{"start":{"line":309,"column":24},"end":{"line":312,"column":25}},"121":{"start":{"line":310,"column":28},"end":{"line":310,"column":45}},"122":{"start":{"line":311,"column":28},"end":{"line":311,"column":34}},"123":{"start":{"line":316,"column":12},"end":{"line":320,"column":19}},"124":{"start":{"line":319,"column":20},"end":{"line":319,"column":58}},"125":{"start":{"line":322,"column":12},"end":{"line":324,"column":13}},"126":{"start":{"line":323,"column":16},"end":{"line":323,"column":91}},"127":{"start":{"line":327,"column":8},"end":{"line":327,"column":39}},"128":{"start":{"line":329,"column":8},"end":{"line":329,"column":18}},"129":{"start":{"line":333,"column":0},"end":{"line":342,"column":2}}},"fnMap":{"0":{"name":"(anonymous_0)","decl":{"start":{"line":31,"column":17},"end":{"line":31,"column":18}},"loc":{"start":{"line":47,"column":5},"end":{"line":83,"column":1}},"line":47},"1":{"name":"(anonymous_1)","decl":{"start":{"line":91,"column":29},"end":{"line":91,"column":30}},"loc":{"start":{"line":91,"column":69},"end":{"line":109,"column":1}},"line":91},"2":{"name":"(anonymous_2)","decl":{"start":{"line":115,"column":23},"end":{"line":115,"column":24}},"loc":{"start":{"line":115,"column":29},"end":{"line":117,"column":1}},"line":115},"3":{"name":"(anonymous_3)","decl":{"start":{"line":123,"column":23},"end":{"line":123,"column":24}},"loc":{"start":{"line":123,"column":35},"end":{"line":163,"column":1}},"line":123},"4":{"name":"(anonymous_4)","decl":{"start":{"line":140,"column":42},"end":{"line":140,"column":43}},"loc":{"start":{"line":140,"column":65},"end":{"line":156,"column":9}},"line":140},"5":{"name":"(anonymous_5)","decl":{"start":{"line":159,"column":59},"end":{"line":159,"column":60}},"loc":{"start":{"line":159,"column":69},"end":{"line":159,"column":82}},"line":159},"6":{"name":"(anonymous_6)","decl":{"start":{"line":172,"column":25},"end":{"line":172,"column":26}},"loc":{"start":{"line":172,"column":57},"end":{"line":192,"column":1}},"line":172},"7":{"name":"(anonymous_7)","decl":{"start":{"line":200,"column":23},"end":{"line":200,"column":24}},"loc":{"start":{"line":200,"column":55},"end":{"line":229,"column":1}},"line":200},"8":{"name":"(anonymous_8)","decl":{"start":{"line":239,"column":36},"end":{"line":239,"column":37}},"loc":{"start":{"line":239,"column":86},"end":{"line":262,"column":1}},"line":239},"9":{"name":"(anonymous_9)","decl":{"start":{"line":271,"column":26},"end":{"line":271,"column":27}},"loc":{"start":{"line":271,"column":58},"end":{"line":331,"column":1}},"line":271},"10":{"name":"(anonymous_10)","decl":{"start":{"line":304,"column":22},"end":{"line":304,"column":23}},"loc":{"start":{"line":304,"column":36},"end":{"line":314,"column":17}},"line":304},"11":{"name":"(anonymous_11)","decl":{"start":{"line":318,"column":22},"end":{"line":318,"column":23}},"loc":{"start":{"line":318,"column":36},"end":{"line":320,"column":17}},"line":318}},"branchMap":{"0":{"loc":{"start":{"line":52,"column":8},"end":{"line":54,"column":9}},"type":"if","locations":[{"start":{"line":52,"column":8},"end":{"line":54,"column":9}},{"start":{"line":52,"column":8},"end":{"line":54,"column":9}}],"line":52},"1":{"loc":{"start":{"line":132,"column":8},"end":{"line":134,"column":9}},"type":"if","locations":[{"start":{"line":132,"column":8},"end":{"line":134,"column":9}},{"start":{"line":132,"column":8},"end":{"line":134,"column":9}}],"line":132},"2":{"loc":{"start":{"line":147,"column":12},"end":{"line":155,"column":13}},"type":"if","locations":[{"start":{"line":147,"column":12},"end":{"line":155,"column":13}},{"start":{"line":147,"column":12},"end":{"line":155,"column":13}}],"line":147},"3":{"loc":{"start":{"line":180,"column":8},"end":{"line":182,"column":9}},"type":"if","locations":[{"start":{"line":180,"column":8},"end":{"line":182,"column":9}},{"start":{"line":180,"column":8},"end":{"line":182,"column":9}}],"line":180},"4":{"loc":{"start":{"line":210,"column":8},"end":{"line":212,"column":9}},"type":"if","locations":[{"start":{"line":210,"column":8},"end":{"line":212,"column":9}},{"start":{"line":210,"column":8},"end":{"line":212,"column":9}}],"line":210},"5":{"loc":{"start":{"line":210,"column":12},"end":{"line":210,"column":89}},"type":"binary-expr","locations":[{"start":{"line":210,"column":12},"end":{"line":210,"column":39}},{"start":{"line":210,"column":43},"end":{"line":210,"column":65}},{"start":{"line":210,"column":69},"end":{"line":210,"column":89}}],"line":210},"6":{"loc":{"start":{"line":220,"column":8},"end":{"line":222,"column":9}},"type":"if","locations":[{"start":{"line":220,"column":8},"end":{"line":222,"column":9}},{"start":{"line":220,"column":8},"end":{"line":222,"column":9}}],"line":220},"7":{"loc":{"start":{"line":220,"column":12},"end":{"line":220,"column":68}},"type":"binary-expr","locations":[{"start":{"line":220,"column":12},"end":{"line":220,"column":32}},{"start":{"line":220,"column":36},"end":{"line":220,"column":51}},{"start":{"line":220,"column":55},"end":{"line":220,"column":68}}],"line":220},"8":{"loc":{"start":{"line":247,"column":8},"end":{"line":249,"column":9}},"type":"if","locations":[{"start":{"line":247,"column":8},"end":{"line":249,"column":9}},{"start":{"line":247,"column":8},"end":{"line":249,"column":9}}],"line":247},"9":{"loc":{"start":{"line":279,"column":8},"end":{"line":281,"column":9}},"type":"if","locations":[{"start":{"line":279,"column":8},"end":{"line":281,"column":9}},{"start":{"line":279,"column":8},"end":{"line":281,"column":9}}],"line":279},"10":{"loc":{"start":{"line":295,"column":8},"end":{"line":325,"column":9}},"type":"if","locations":[{"start":{"line":295,"column":8},"end":{"line":325,"column":9}},{"start":{"line":295,"column":8},"end":{"line":325,"column":9}}],"line":295},"11":{"loc":{"start":{"line":295,"column":12},"end":{"line":295,"column":107}},"type":"binary-expr","locations":[{"start":{"line":295,"column":12},"end":{"line":295,"column":54}},{"start":{"line":295,"column":58},"end":{"line":295,"column":107}}],"line":295},"12":{"loc":{"start":{"line":298,"column":15},"end":{"line":325,"column":9}},"type":"if","locations":[{"start":{"line":298,"column":15},"end":{"line":325,"column":9}},{"start":{"line":298,"column":15},"end":{"line":325,"column":9}}],"line":298},"13":{"loc":{"start":{"line":298,"column":19},"end":{"line":298,"column":116}},"type":"binary-expr","locations":[{"start":{"line":298,"column":19},"end":{"line":298,"column":61}},{"start":{"line":298,"column":65},"end":{"line":298,"column":116}}],"line":298},"14":{"loc":{"start":{"line":309,"column":24},"end":{"line":312,"column":25}},"type":"if","locations":[{"start":{"line":309,"column":24},"end":{"line":312,"column":25}},{"start":{"line":309,"column":24},"end":{"line":312,"column":25}}],"line":309},"15":{"loc":{"start":{"line":322,"column":12},"end":{"line":324,"column":13}},"type":"if","locations":[{"start":{"line":322,"column":12},"end":{"line":324,"column":13}},{"start":{"line":322,"column":12},"end":{"line":324,"column":13}}],"line":322},"16":{"loc":{"start":{"line":322,"column":16},"end":{"line":322,"column":80}},"type":"binary-expr","locations":[{"start":{"line":322,"column":16},"end":{"line":322,"column":39}},{"start":{"line":322,"column":43},"end":{"line":322,"column":61}},{"start":{"line":322,"column":65},"end":{"line":322,"column":80}}],"line":322}},"s":{"0":1,"1":1,"2":1,"3":1,"4":1,"5":1,"6":1,"7":0,"8":0,"9":0,"10":0,"11":0,"12":0,"13":0,"14":0,"15":0,"16":0,"17":0,"18":0,"19":0,"20":0,"21":0,"22":0,"23":0,"24":0,"25":0,"26":0,"27":0,"28":0,"29":0,"30":1,"31":0,"32":0,"33":0,"34":0,"35":0,"36":0,"37":0,"38":0,"39":0,"40":1,"41":0,"42":1,"43":0,"44":0,"45":0,"46":0,"47":0,"48":0,"49":0,"50":0,"51":0,"52":0,"53":0,"54":0,"55":0,"56":0,"57":0,"58":0,"59":0,"60":0,"61":0,"62":1,"63":0,"64":0,"65":0,"66":0,"67":0,"68":0,"69":0,"70":0,"71":0,"72":0,"73":1,"74":0,"75":0,"76":0,"77":0,"78":0,"79":0,"80":0,"81":0,"82":0,"83":0,"84":0,"85":0,"86":0,"87":0,"88":1,"89":0,"90":0,"91":0,"92":0,"93":0,"94":0,"95":0,"96":0,"97":0,"98":0,"99":0,"100":0,"101":1,"102":0,"103":0,"104":0,"105":0,"106":0,"107":0,"108":0,"109":0,"110":0,"111":0,"112":0,"113":0,"114":0,"115":0,"116":0,"117":0,"118":0,"119":0,"120":0,"121":0,"122":0,"123":0,"124":0,"125":0,"126":0,"127":0,"128":0,"129":1},"f":{"0":0,"1":0,"2":0,"3":0,"4":0,"5":0,"6":0,"7":0,"8":0,"9":0,"10":0,"11":0},"b":{"0":[0,0],"1":[0,0],"2":[0,0],"3":[0,0],"4":[0,0],"5":[0,0,0],"6":[0,0],"7":[0,0,0],"8":[0,0],"9":[0,0],"10":[0,0],"11":[0,0],"12":[0,0],"13":[0,0],"14":[0,0],"15":[0,0],"16":[0,0,0]},"_coverageSchema":"1a1c01bbd47fc00a2c39e90264f33305004495a9","hash":"10429438f2cd7f4d18d5b703645a31a42fe0ee8e","contentHash":"850b3f46ed29c3209ba54e16b948ae8f30e4108e9437cbbe932ca529418aea9c"}}