{"total": {"lines":{"total":641,"covered":244,"skipped":0,"pct":38.06},"statements":{"total":651,"covered":245,"skipped":0,"pct":37.63},"functions":{"total":47,"covered":10,"skipped":0,"pct":21.27},"branches":{"total":378,"covered":100,"skipped":0,"pct":26.45},"branchesTrue":{"total":0,"covered":0,"skipped":0,"pct":100}}
,"C:\\Users\\suwan\\Desktop\\Coding Stuff\\Not Boring Company\\webapp-api-v2\\api-calculations\\genesisNBMonHelper.js": {"lines":{"total":43,"covered":19,"skipped":0,"pct":44.18},"functions":{"total":3,"covered":1,"skipped":0,"pct":33.33},"statements":{"total":43,"covered":19,"skipped":0,"pct":44.18},"branches":{"total":12,"covered":1,"skipped":0,"pct":8.33}}
,"C:\\Users\\suwan\\Desktop\\Coding Stuff\\Not Boring Company\\webapp-api-v2\\api-calculations\\nbmonData.js": {"lines":{"total":52,"covered":9,"skipped":0,"pct":17.3},"functions":{"total":4,"covered":1,"skipped":0,"pct":25},"statements":{"total":52,"covered":9,"skipped":0,"pct":17.3},"branches":{"total":31,"covered":4,"skipped":0,"pct":12.9}}
,"C:\\Users\\suwan\\Desktop\\Coding Stuff\\Not Boring Company\\webapp-api-v2\\api-calculations\\nbmonTypeEffectiveness.js": {"lines":{"total":91,"covered":14,"skipped":0,"pct":15.38},"functions":{"total":10,"covered":2,"skipped":0,"pct":20},"statements":{"total":93,"covered":14,"skipped":0,"pct":15.05},"branches":{"total":78,"covered":8,"skipped":0,"pct":10.25}}
,"C:\\Users\\suwan\\Desktop\\Coding Stuff\\Not Boring Company\\webapp-api-v2\\api\\nfts\\genesisNBMon.js": {"lines":{"total":325,"covered":185,"skipped":0,"pct":56.92},"functions":{"total":17,"covered":5,"skipped":0,"pct":29.41},"statements":{"total":330,"covered":185,"skipped":0,"pct":56.06},"branches":{"total":220,"covered":87,"skipped":0,"pct":39.54}}
,"C:\\Users\\suwan\\Desktop\\Coding Stuff\\Not Boring Company\\webapp-api-v2\\api\\webapp\\marketplace.js": {"lines":{"total":128,"covered":15,"skipped":0,"pct":11.71},"functions":{"total":12,"covered":0,"skipped":0,"pct":0},"statements":{"total":130,"covered":15,"skipped":0,"pct":11.53},"branches":{"total":37,"covered":0,"skipped":0,"pct":0}}
,"C:\\Users\\suwan\\Desktop\\Coding Stuff\\Not Boring Company\\webapp-api-v2\\utils\\jsonParser.js": {"lines":{"total":2,"covered":2,"skipped":0,"pct":100},"functions":{"total":1,"covered":1,"skipped":0,"pct":100},"statements":{"total":3,"covered":3,"skipped":0,"pct":100},"branches":{"total":0,"covered":0,"skipped":0,"pct":100}}
}
