TN:
SF:api-calculations\genesisNBMonHelper.js
FN:31,(anonymous_0)
FN:61,(anonymous_1)
FN:79,(anonymous_2)
FNF:3
FNH:1
FNDA:4,(anonymous_0)
FNDA:0,(anonymous_1)
FNDA:0,(anonymous_2)
DA:1,1
DA:3,1
DA:4,1
DA:5,1
DA:6,1
DA:8,1
DA:9,1
DA:12,1
DA:17,1
DA:23,1
DA:31,1
DA:32,4
DA:34,0
DA:36,0
DA:38,0
DA:40,0
DA:42,0
DA:44,0
DA:46,0
DA:48,0
DA:50,4
DA:52,0
DA:61,1
DA:62,0
DA:63,0
DA:64,0
DA:66,0
DA:70,1
DA:71,1
DA:72,1
DA:79,1
DA:80,0
DA:81,0
DA:86,0
DA:87,0
DA:89,0
DA:92,0
DA:93,0
DA:94,0
DA:97,0
DA:99,0
DA:101,0
DA:105,1
LF:43
LH:19
BRDA:32,0,0,0
BRDA:32,0,1,0
BRDA:32,0,2,0
BRDA:32,0,3,0
BRDA:32,0,4,0
BRDA:32,0,5,0
BRDA:32,0,6,0
BRDA:32,0,7,0
BRDA:32,0,8,4
BRDA:32,0,9,0
BRDA:92,1,0,0
BRDA:92,1,1,0
BRF:12
BRH:1
end_of_record
TN:
SF:api-calculations\nbmonData.js
FN:13,(anonymous_0)
FN:40,(anonymous_1)
FN:59,(anonymous_2)
FN:101,(anonymous_3)
FNF:4
FNH:1
FNDA:4,(anonymous_0)
FNDA:0,(anonymous_1)
FNDA:0,(anonymous_2)
FNDA:0,(anonymous_3)
DA:1,1
DA:3,1
DA:5,1
DA:6,1
DA:13,1
DA:14,4
DA:15,4
DA:16,4
DA:29,0
DA:40,0
DA:41,0
DA:42,0
DA:43,0
DA:44,0
DA:46,0
DA:50,0
DA:51,0
DA:55,0
DA:59,0
DA:61,0
DA:63,0
DA:64,0
DA:65,0
DA:66,0
DA:67,0
DA:68,0
DA:69,0
DA:70,0
DA:72,0
DA:73,0
DA:77,0
DA:78,0
DA:80,0
DA:84,0
DA:85,0
DA:87,0
DA:91,0
DA:92,0
DA:94,0
DA:98,0
DA:99,0
DA:101,0
DA:102,0
DA:107,0
DA:108,0
DA:110,0
DA:114,0
DA:115,0
DA:117,0
DA:122,0
DA:133,0
DA:137,1
LF:52
LH:9
BRDA:15,0,0,4
BRDA:15,0,1,0
BRDA:15,1,0,4
BRDA:15,1,1,4
BRDA:15,1,2,4
BRDA:41,2,0,0
BRDA:41,2,1,0
BRDA:43,3,0,0
BRDA:43,3,1,0
BRDA:61,4,0,0
BRDA:61,4,1,0
BRDA:64,5,0,0
BRDA:64,5,1,0
BRDA:66,6,0,0
BRDA:66,6,1,0
BRDA:68,7,0,0
BRDA:68,7,1,0
BRDA:72,8,0,0
BRDA:72,8,1,0
BRDA:77,9,0,0
BRDA:77,9,1,0
BRDA:84,10,0,0
BRDA:84,10,1,0
BRDA:91,11,0,0
BRDA:91,11,1,0
BRDA:98,12,0,0
BRDA:98,12,1,0
BRDA:107,13,0,0
BRDA:107,13,1,0
BRDA:114,14,0,0
BRDA:114,14,1,0
BRF:31
BRH:4
end_of_record
TN:
SF:api-calculations\nbmonTypeEffectiveness.js
FN:42,(anonymous_0)
FN:69,(anonymous_1)
FN:81,(anonymous_2)
FN:82,(anonymous_3)
FN:94,(anonymous_4)
FN:113,(anonymous_5)
FN:157,(anonymous_6)
FN:183,(anonymous_7)
FN:210,(anonymous_8)
FN:231,(anonymous_9)
FNF:10
FNH:2
FNDA:4,(anonymous_0)
FNDA:0,(anonymous_1)
FNDA:0,(anonymous_2)
FNDA:0,(anonymous_3)
FNDA:0,(anonymous_4)
FNDA:0,(anonymous_5)
FNDA:4,(anonymous_6)
FNDA:0,(anonymous_7)
FNDA:0,(anonymous_8)
FNDA:0,(anonymous_9)
DA:1,1
DA:3,1
DA:5,1
DA:6,1
DA:18,1
DA:42,1
DA:43,4
DA:45,4
DA:46,4
DA:53,0
DA:54,0
DA:58,0
DA:69,0
DA:70,0
DA:71,0
DA:72,0
DA:73,0
DA:75,0
DA:81,0
DA:82,0
DA:90,0
DA:91,0
DA:93,0
DA:94,0
DA:96,0
DA:98,0
DA:99,0
DA:101,0
DA:105,0
DA:106,0
DA:107,0
DA:108,0
DA:113,0
DA:114,0
DA:115,0
DA:117,0
DA:118,0
DA:120,0
DA:123,0
DA:124,0
DA:126,0
DA:129,0
DA:131,0
DA:132,0
DA:134,0
DA:139,0
DA:141,0
DA:146,0
DA:157,1
DA:158,4
DA:159,4
DA:160,4
DA:167,0
DA:168,0
DA:172,0
DA:183,0
DA:184,0
DA:185,0
DA:186,0
DA:187,0
DA:189,0
DA:199,0
DA:200,0
DA:209,0
DA:210,0
DA:215,0
DA:217,0
DA:218,0
DA:220,0
DA:223,0
DA:224,0
DA:225,0
DA:226,0
DA:231,0
DA:232,0
DA:233,0
DA:235,0
DA:236,0
DA:238,0
DA:241,0
DA:242,0
DA:244,0
DA:247,0
DA:249,0
DA:250,0
DA:251,0
DA:252,0
DA:257,0
DA:259,0
DA:264,0
DA:268,1
LF:91
LH:14
BRDA:45,0,0,4
BRDA:45,0,1,0
BRDA:45,1,0,4
BRDA:45,1,1,4
BRDA:45,1,2,4
BRDA:53,2,0,0
BRDA:53,2,1,0
BRDA:53,3,0,0
BRDA:53,3,1,0
BRDA:53,3,2,0
BRDA:70,4,0,0
BRDA:70,4,1,0
BRDA:72,5,0,0
BRDA:72,5,1,0
BRDA:82,6,0,0
BRDA:82,6,1,0
BRDA:93,7,0,0
BRDA:93,7,1,0
BRDA:98,8,0,0
BRDA:98,8,1,0
BRDA:98,9,0,0
BRDA:98,9,1,0
BRDA:98,9,2,0
BRDA:105,10,0,0
BRDA:105,10,1,0
BRDA:107,11,0,0
BRDA:107,11,1,0
BRDA:117,12,0,0
BRDA:117,12,1,0
BRDA:117,13,0,0
BRDA:117,13,1,0
BRDA:117,13,2,0
BRDA:123,14,0,0
BRDA:123,14,1,0
BRDA:123,15,0,0
BRDA:123,15,1,0
BRDA:123,15,2,0
BRDA:131,16,0,0
BRDA:131,16,1,0
BRDA:159,17,0,4
BRDA:159,17,1,0
BRDA:159,18,0,4
BRDA:159,18,1,4
BRDA:159,18,2,4
BRDA:167,19,0,0
BRDA:167,19,1,0
BRDA:167,20,0,0
BRDA:167,20,1,0
BRDA:167,20,2,0
BRDA:184,21,0,0
BRDA:184,21,1,0
BRDA:186,22,0,0
BRDA:186,22,1,0
BRDA:209,23,0,0
BRDA:209,23,1,0
BRDA:217,24,0,0
BRDA:217,24,1,0
BRDA:217,25,0,0
BRDA:217,25,1,0
BRDA:217,25,2,0
BRDA:223,26,0,0
BRDA:223,26,1,0
BRDA:225,27,0,0
BRDA:225,27,1,0
BRDA:235,28,0,0
BRDA:235,28,1,0
BRDA:235,29,0,0
BRDA:235,29,1,0
BRDA:235,29,2,0
BRDA:241,30,0,0
BRDA:241,30,1,0
BRDA:241,31,0,0
BRDA:241,31,1,0
BRDA:241,31,2,0
BRDA:249,32,0,0
BRDA:249,32,1,0
BRDA:251,33,0,0
BRDA:251,33,1,0
BRF:78
BRH:8
end_of_record
TN:
SF:api\nfts\genesisNBMon.js
FN:48,(anonymous_0)
FN:205,(anonymous_1)
FN:361,(anonymous_2)
FN:390,(anonymous_3)
FN:391,(anonymous_4)
FN:416,(anonymous_5)
FN:450,(anonymous_6)
FN:481,(anonymous_7)
FN:512,(anonymous_8)
FN:518,(anonymous_9)
FN:534,(anonymous_10)
FN:540,(anonymous_11)
FN:556,(anonymous_12)
FN:562,(anonymous_13)
FN:577,(anonymous_14)
FN:621,(anonymous_15)
FN:703,(anonymous_16)
FNF:17
FNH:5
FNDA:3,(anonymous_0)
FNDA:1,(anonymous_1)
FNDA:1,(anonymous_2)
FNDA:0,(anonymous_3)
FNDA:0,(anonymous_4)
FNDA:0,(anonymous_5)
FNDA:0,(anonymous_6)
FNDA:0,(anonymous_7)
FNDA:0,(anonymous_8)
FNDA:0,(anonymous_9)
FNDA:0,(anonymous_10)
FNDA:0,(anonymous_11)
FNDA:1,(anonymous_12)
FNDA:3,(anonymous_13)
FNDA:0,(anonymous_14)
FNDA:0,(anonymous_15)
FNDA:0,(anonymous_16)
DA:1,1
DA:3,1
DA:4,1
DA:5,1
DA:6,1
DA:7,1
DA:10,1
DA:11,1
DA:12,1
DA:13,1
DA:14,1
DA:19,1
DA:20,1
DA:23,1
DA:29,1
DA:48,1
DA:49,3
DA:50,3
DA:52,3
DA:53,3
DA:55,3
DA:58,3
DA:59,0
DA:64,3
DA:67,3
DA:68,3
DA:70,3
DA:72,3
DA:75,3
DA:77,3
DA:78,3
DA:79,3
DA:82,3
DA:83,3
DA:86,3
DA:87,3
DA:88,3
DA:90,0
DA:91,0
DA:94,3
DA:95,3
DA:98,3
DA:99,3
DA:101,3
DA:104,3
DA:105,3
DA:107,3
DA:108,3
DA:109,3
DA:110,3
DA:113,3
DA:114,3
DA:116,3
DA:117,3
DA:118,3
DA:119,3
DA:120,3
DA:124,3
DA:125,0
DA:127,3
DA:132,3
DA:133,3
DA:134,3
DA:135,3
DA:138,0
DA:139,0
DA:140,0
DA:143,3
DA:145,3
DA:146,3
DA:148,0
DA:151,3
DA:152,3
DA:153,3
DA:154,3
DA:155,3
DA:156,3
DA:157,3
DA:158,3
DA:159,3
DA:162,3
DA:163,0
DA:167,0
DA:168,0
DA:170,0
DA:171,0
DA:174,0
DA:176,3
DA:180,3
DA:181,3
DA:182,3
DA:183,3
DA:184,3
DA:185,3
DA:186,3
DA:187,3
DA:188,3
DA:189,3
DA:190,3
DA:192,3
DA:194,0
DA:205,1
DA:206,1
DA:207,1
DA:209,1
DA:210,1
DA:212,1
DA:215,1
DA:216,0
DA:221,1
DA:224,1
DA:225,1
DA:227,1
DA:229,1
DA:232,1
DA:234,1
DA:235,1
DA:236,1
DA:239,1
DA:240,1
DA:243,1
DA:244,1
DA:245,1
DA:247,0
DA:248,0
DA:251,1
DA:252,1
DA:255,1
DA:256,1
DA:258,1
DA:261,1
DA:262,1
DA:264,1
DA:265,1
DA:266,1
DA:267,1
DA:270,1
DA:271,1
DA:273,1
DA:274,1
DA:275,1
DA:276,1
DA:277,1
DA:281,1
DA:282,0
DA:284,1
DA:289,1
DA:290,1
DA:291,1
DA:292,1
DA:295,0
DA:296,0
DA:297,0
DA:300,1
DA:302,1
DA:303,1
DA:305,0
DA:308,1
DA:309,1
DA:310,1
DA:311,1
DA:312,1
DA:313,1
DA:314,1
DA:315,1
DA:316,1
DA:319,1
DA:320,0
DA:324,0
DA:325,0
DA:327,0
DA:328,0
DA:331,0
DA:333,1
DA:337,1
DA:338,1
DA:339,1
DA:340,1
DA:341,1
DA:342,1
DA:343,1
DA:344,1
DA:345,1
DA:346,1
DA:347,1
DA:349,1
DA:351,0
DA:361,1
DA:362,1
DA:364,1
DA:365,1
DA:366,1
DA:368,1
DA:370,1
DA:371,0
DA:374,1
DA:378,1
DA:380,1
DA:382,1
DA:383,1
DA:390,0
DA:391,0
DA:392,0
DA:394,0
DA:397,0
DA:398,0
DA:401,0
DA:403,0
DA:404,0
DA:406,0
DA:407,0
DA:408,0
DA:409,0
DA:410,0
DA:411,0
DA:414,0
DA:416,0
DA:417,0
DA:419,0
DA:421,0
DA:426,0
DA:429,0
DA:433,0
DA:450,1
DA:451,0
DA:453,0
DA:455,0
DA:456,0
DA:458,0
DA:460,0
DA:461,0
DA:465,0
DA:466,0
DA:468,0
DA:472,0
DA:481,1
DA:482,0
DA:483,0
DA:489,0
DA:491,0
DA:492,0
DA:494,0
DA:496,0
DA:497,0
DA:500,0
DA:501,0
DA:503,0
DA:512,1
DA:513,0
DA:514,0
DA:516,0
DA:518,0
DA:519,0
DA:520,0
DA:523,0
DA:525,0
DA:534,1
DA:535,0
DA:536,0
DA:538,0
DA:540,0
DA:541,0
DA:542,0
DA:545,0
DA:547,0
DA:556,1
DA:557,1
DA:558,1
DA:560,1
DA:562,1
DA:563,3
DA:564,3
DA:567,1
DA:569,0
DA:577,1
DA:578,0
DA:580,0
DA:582,0
DA:583,0
DA:585,0
DA:587,0
DA:589,0
DA:592,0
DA:594,0
DA:596,0
DA:598,0
DA:607,0
DA:609,0
DA:611,0
DA:621,1
DA:622,0
DA:624,0
DA:626,0
DA:628,0
DA:632,0
DA:635,0
DA:636,0
DA:644,0
DA:648,0
DA:649,0
DA:651,0
DA:653,0
DA:655,0
DA:658,0
DA:659,0
DA:662,0
DA:664,0
DA:666,0
DA:669,0
DA:670,0
DA:672,0
DA:679,0
DA:688,0
DA:690,0
DA:703,1
DA:705,0
DA:708,0
DA:712,0
DA:715,0
DA:718,0
DA:721,1
LF:321
LH:185
BRDA:58,0,0,0
BRDA:58,0,1,3
BRDA:58,1,0,3
BRDA:58,1,1,3
BRDA:58,1,2,3
BRDA:58,1,3,3
BRDA:86,2,0,3
BRDA:86,2,1,0
BRDA:98,3,0,0
BRDA:98,3,1,3
BRDA:99,4,0,0
BRDA:99,4,1,3
BRDA:113,5,0,0
BRDA:113,5,1,3
BRDA:114,6,0,0
BRDA:114,6,1,3
BRDA:117,7,0,0
BRDA:117,7,1,3
BRDA:118,8,0,0
BRDA:118,8,1,3
BRDA:119,9,0,0
BRDA:119,9,1,3
BRDA:120,10,0,0
BRDA:120,10,1,3
BRDA:124,11,0,0
BRDA:124,11,1,3
BRDA:124,12,0,3
BRDA:124,12,1,3
BRDA:132,13,0,3
BRDA:132,13,1,0
BRDA:138,14,0,0
BRDA:138,14,1,0
BRDA:139,15,0,0
BRDA:139,15,1,0
BRDA:140,16,0,0
BRDA:140,16,1,0
BRDA:143,17,0,0
BRDA:143,17,1,3
BRDA:145,18,0,3
BRDA:145,18,1,0
BRDA:151,19,0,0
BRDA:151,19,1,3
BRDA:152,20,0,0
BRDA:152,20,1,3
BRDA:153,21,0,0
BRDA:153,21,1,3
BRDA:154,22,0,0
BRDA:154,22,1,3
BRDA:155,23,0,0
BRDA:155,23,1,3
BRDA:156,24,0,0
BRDA:156,24,1,3
BRDA:157,25,0,0
BRDA:157,25,1,3
BRDA:158,26,0,0
BRDA:158,26,1,3
BRDA:159,27,0,3
BRDA:159,27,1,0
BRDA:162,28,0,0
BRDA:162,28,1,3
BRDA:167,29,0,0
BRDA:167,29,1,0
BRDA:180,30,0,3
BRDA:180,30,1,0
BRDA:181,31,0,3
BRDA:181,31,1,0
BRDA:182,32,0,3
BRDA:182,32,1,0
BRDA:183,33,0,3
BRDA:183,33,1,0
BRDA:184,34,0,3
BRDA:184,34,1,0
BRDA:185,35,0,3
BRDA:185,35,1,0
BRDA:186,36,0,3
BRDA:186,36,1,0
BRDA:187,37,0,3
BRDA:187,37,1,0
BRDA:188,38,0,3
BRDA:188,38,1,0
BRDA:189,39,0,3
BRDA:189,39,1,0
BRDA:190,40,0,3
BRDA:190,40,1,0
BRDA:215,41,0,0
BRDA:215,41,1,1
BRDA:215,42,0,1
BRDA:215,42,1,1
BRDA:215,42,2,1
BRDA:215,42,3,1
BRDA:243,43,0,1
BRDA:243,43,1,0
BRDA:255,44,0,0
BRDA:255,44,1,1
BRDA:256,45,0,0
BRDA:256,45,1,1
BRDA:270,46,0,0
BRDA:270,46,1,1
BRDA:271,47,0,0
BRDA:271,47,1,1
BRDA:274,48,0,0
BRDA:274,48,1,1
BRDA:275,49,0,0
BRDA:275,49,1,1
BRDA:276,50,0,0
BRDA:276,50,1,1
BRDA:277,51,0,0
BRDA:277,51,1,1
BRDA:281,52,0,0
BRDA:281,52,1,1
BRDA:281,53,0,1
BRDA:281,53,1,1
BRDA:289,54,0,1
BRDA:289,54,1,0
BRDA:295,55,0,0
BRDA:295,55,1,0
BRDA:296,56,0,0
BRDA:296,56,1,0
BRDA:297,57,0,0
BRDA:297,57,1,0
BRDA:300,58,0,0
BRDA:300,58,1,1
BRDA:302,59,0,1
BRDA:302,59,1,0
BRDA:308,60,0,0
BRDA:308,60,1,1
BRDA:309,61,0,0
BRDA:309,61,1,1
BRDA:310,62,0,0
BRDA:310,62,1,1
BRDA:311,63,0,0
BRDA:311,63,1,1
BRDA:312,64,0,0
BRDA:312,64,1,1
BRDA:313,65,0,0
BRDA:313,65,1,1
BRDA:314,66,0,0
BRDA:314,66,1,1
BRDA:315,67,0,0
BRDA:315,67,1,1
BRDA:316,68,0,1
BRDA:316,68,1,0
BRDA:319,69,0,0
BRDA:319,69,1,1
BRDA:324,70,0,0
BRDA:324,70,1,0
BRDA:337,71,0,1
BRDA:337,71,1,0
BRDA:338,72,0,1
BRDA:338,72,1,0
BRDA:339,73,0,1
BRDA:339,73,1,0
BRDA:340,74,0,1
BRDA:340,74,1,0
BRDA:341,75,0,1
BRDA:341,75,1,0
BRDA:342,76,0,1
BRDA:342,76,1,0
BRDA:343,77,0,1
BRDA:343,77,1,0
BRDA:344,78,0,1
BRDA:344,78,1,0
BRDA:345,79,0,1
BRDA:345,79,1,0
BRDA:346,80,0,1
BRDA:346,80,1,0
BRDA:347,81,0,1
BRDA:347,81,1,0
BRDA:370,82,0,0
BRDA:370,82,1,1
BRDA:370,83,0,1
BRDA:370,83,1,1
BRDA:380,84,0,1
BRDA:380,84,1,0
BRDA:382,85,0,1
BRDA:382,85,1,0
BRDA:392,86,0,0
BRDA:392,86,1,0
BRDA:460,87,0,0
BRDA:460,87,1,0
BRDA:496,88,0,0
BRDA:496,88,1,0
BRDA:592,89,0,0
BRDA:592,89,1,0
BRDA:594,90,0,0
BRDA:594,90,1,0
BRDA:632,91,0,0
BRDA:632,91,1,0
BRDA:635,92,0,0
BRDA:635,92,1,0
BRDA:658,93,0,0
BRDA:658,93,1,0
BRDA:658,94,0,0
BRDA:658,94,1,0
BRDA:662,95,0,0
BRDA:662,95,1,0
BRDA:664,96,0,0
BRDA:664,96,1,0
BRDA:669,97,0,0
BRDA:669,97,1,0
BRDA:669,98,0,0
BRDA:669,98,1,0
BRDA:681,99,0,0
BRDA:681,99,1,0
BRDA:705,100,0,0
BRDA:705,100,1,0
BRDA:708,101,0,0
BRDA:708,101,1,0
BRDA:708,102,0,0
BRDA:708,102,1,0
BRDA:712,103,0,0
BRDA:712,103,1,0
BRDA:712,104,0,0
BRDA:712,104,1,0
BRDA:715,105,0,0
BRDA:715,105,1,0
BRDA:715,106,0,0
BRDA:715,106,1,0
BRF:218
BRH:87
end_of_record
TN:
SF:api\webapp\marketplace.js
FN:31,(anonymous_0)
FN:91,(anonymous_1)
FN:115,(anonymous_2)
FN:123,(anonymous_3)
FN:140,(anonymous_4)
FN:159,(anonymous_5)
FN:172,(anonymous_6)
FN:200,(anonymous_7)
FN:239,(anonymous_8)
FN:271,(anonymous_9)
FN:304,(anonymous_10)
FN:318,(anonymous_11)
FNF:12
FNH:0
FNDA:0,(anonymous_0)
FNDA:0,(anonymous_1)
FNDA:0,(anonymous_2)
FNDA:0,(anonymous_3)
FNDA:0,(anonymous_4)
FNDA:0,(anonymous_5)
FNDA:0,(anonymous_6)
FNDA:0,(anonymous_7)
FNDA:0,(anonymous_8)
FNDA:0,(anonymous_9)
FNDA:0,(anonymous_10)
FNDA:0,(anonymous_11)
DA:1,1
DA:3,1
DA:4,1
DA:5,1
DA:6,1
DA:9,1
DA:31,1
DA:48,0
DA:52,0
DA:53,0
DA:56,0
DA:57,0
DA:59,0
DA:60,0
DA:61,0
DA:62,0
DA:63,0
DA:64,0
DA:65,0
DA:66,0
DA:67,0
DA:68,0
DA:69,0
DA:70,0
DA:71,0
DA:72,0
DA:73,0
DA:75,0
DA:77,0
DA:81,0
DA:91,1
DA:92,0
DA:93,0
DA:94,0
DA:95,0
DA:97,0
DA:99,0
DA:101,0
DA:103,0
DA:107,0
DA:115,1
DA:116,0
DA:123,1
DA:124,0
DA:127,0
DA:128,0
DA:130,0
DA:132,0
DA:133,0
DA:137,0
DA:140,0
DA:142,0
DA:143,0
DA:144,0
DA:147,0
DA:149,0
DA:150,0
DA:152,0
DA:154,0
DA:159,0
DA:161,0
DA:172,1
DA:173,0
DA:174,0
DA:175,0
DA:176,0
DA:178,0
DA:180,0
DA:181,0
DA:184,0
DA:186,0
DA:190,0
DA:200,1
DA:201,0
DA:203,0
DA:204,0
DA:205,0
DA:208,0
DA:210,0
DA:211,0
DA:215,0
DA:217,0
DA:220,0
DA:221,0
DA:224,0
DA:225,0
DA:227,0
DA:239,1
DA:240,0
DA:241,0
DA:242,0
DA:243,0
DA:245,0
DA:247,0
DA:248,0
DA:251,0
DA:252,0
DA:254,0
DA:256,0
DA:260,0
DA:271,1
DA:272,0
DA:273,0
DA:274,0
DA:275,0
DA:277,0
DA:279,0
DA:280,0
DA:284,0
DA:285,0
DA:295,0
DA:297,0
DA:298,0
DA:300,0
DA:302,0
DA:305,0
DA:306,0
DA:307,0
DA:309,0
DA:310,0
DA:311,0
DA:316,0
DA:319,0
DA:322,0
DA:323,0
DA:327,0
DA:329,0
DA:333,1
LF:128
LH:15
BRDA:52,0,0,0
BRDA:52,0,1,0
BRDA:132,1,0,0
BRDA:132,1,1,0
BRDA:147,2,0,0
BRDA:147,2,1,0
BRDA:180,3,0,0
BRDA:180,3,1,0
BRDA:210,4,0,0
BRDA:210,4,1,0
BRDA:210,5,0,0
BRDA:210,5,1,0
BRDA:210,5,2,0
BRDA:220,6,0,0
BRDA:220,6,1,0
BRDA:220,7,0,0
BRDA:220,7,1,0
BRDA:220,7,2,0
BRDA:247,8,0,0
BRDA:247,8,1,0
BRDA:279,9,0,0
BRDA:279,9,1,0
BRDA:295,10,0,0
BRDA:295,10,1,0
BRDA:295,11,0,0
BRDA:295,11,1,0
BRDA:298,12,0,0
BRDA:298,12,1,0
BRDA:298,13,0,0
BRDA:298,13,1,0
BRDA:309,14,0,0
BRDA:309,14,1,0
BRDA:322,15,0,0
BRDA:322,15,1,0
BRDA:322,16,0,0
BRDA:322,16,1,0
BRDA:322,16,2,0
BRF:37
BRH:0
end_of_record
TN:
SF:utils\jsonParser.js
FN:6,(anonymous_0)
FNF:1
FNH:1
FNDA:9,(anonymous_0)
DA:6,9
DA:8,1
LF:2
LH:2
BRF:0
BRH:0
end_of_record
